#
# A fatal error has been detected by the Java Runtime Environment:
#
#  SIGSEGV (0xb) at pc=0x0000000105aa51e4, pid=3531, tid=24323
#
# JRE version: OpenJDK Runtime Environment Temurin-17.0.13+11 (17.0.13+11) (build 17.0.13+11)
# Java VM: OpenJDK 64-Bit Server VM Temurin-17.0.13+11 (17.0.13+11, mixed mode, tiered, compressed oops, compressed class ptrs, parallel gc, bsd-amd64)
# Problematic frame:
# V  [libjvm.dylib+0x8a51e4]  _ZN21ProtectionDomainEntry19object_no_keepaliveEv+0x4
#
# No core dump will be written. Core dumps have been disabled. To enable core dumping, try "ulimit -c unlimited" before starting Java again
#
# If you would like to submit a bug report, please visit:
#   https://github.com/adoptium/adoptium-support/issues
#

---------------  S U M M A R Y ------------

Command Line: --add-modules=ALL-SYSTEM --add-opens=java.base/java.util=ALL-UNNAMED --add-opens=java.base/java.lang=ALL-UNNAMED --add-opens=java.base/sun.nio.fs=ALL-UNNAMED -Declipse.application=org.eclipse.jdt.ls.core.id1 -Dosgi.bundles.defaultStartLevel=4 -Declipse.product=org.eclipse.jdt.ls.core.product -Djava.import.generatesMetadataFilesAtProjectRoot=false -DDetectVMInstallationsJob.disabled=true -Dfile.encoding=utf8 -XX:+UseParallelGC -XX:GCTimeRatio=4 -XX:AdaptiveSizePolicyWeight=90 -Dsun.zip.disableMemoryMapping=true -Xmx1G -Xms100m -Xlog:disable -javaagent:/Users/Shoaib/.vscode/extensions/redhat.java-1.37.0-darwin-x64/lombok/lombok-1.18.34.jar -XX:+HeapDumpOnOutOfMemoryError -XX:HeapDumpPath=/Users/Shoaib/Library/Application Support/Code/User/workspaceStorage/52ec6ec73ae56e9297906af71a923202/redhat.java -Daether.dependencyCollector.impl=bf /Users/Shoaib/.vscode/extensions/redhat.java-1.37.0-darwin-x64/server/plugins/org.eclipse.equinox.launcher_1.6.900.v20240613-2009.jar -configuration /Users/Shoaib/Library/Application Support/Code/User/globalStorage/redhat.java/1.37.0/config_mac -data /Users/Shoaib/Library/Application Support/Code/User/workspaceStorage/52ec6ec73ae56e9297906af71a923202/redhat.java/jdt_ws --pipe=/private/var/folders/zz/nxzr35r14118k1djxvv4jksw0000gn/T/lsp-140a2a5ed96c3b77ea64c6dd66db71cb.sock

Host: "MacBookPro9,2" x86_64 2900 MHz, 4 cores, 8G, Darwin 19.6.0, macOS 10.15.7 (19H2026)
Time: Sun Dec 15 13:48:22 2024 PKT elapsed time: 712.817235 seconds (0d 0h 11m 52s)

---------------  T H R E A D  ---------------

Current thread (0x00007fd412040c00):  JavaThread "Service Thread" daemon [_thread_in_vm, id=24323, stack(0x0000700009e04000,0x0000700009f04000)]

Stack: [0x0000700009e04000,0x0000700009f04000],  sp=0x0000700009f03af0,  free space=1022k
Native frames: (J=compiled Java code, j=interpreted, Vv=VM code, C=native code)
V  [libjvm.dylib+0x8a51e4]  _ZN21ProtectionDomainEntry19object_no_keepaliveEv+0x4
V  [libjvm.dylib+0x3a52a8]  _ZN10Dictionary31clean_cached_protection_domainsEP13GrowableArrayIP21ProtectionDomainEntryE+0x108
V  [libjvm.dylib+0x2cf32f]  _ZN20ClassLoaderDataGraph13loaded_cld_doEP10CLDClosure+0xef
V  [libjvm.dylib+0x8a4e8e]  _ZN26ProtectionDomainCacheTable6unlinkEv+0x10e
V  [libjvm.dylib+0x8f99f7]  _ZN13ServiceThread20service_thread_entryEP10JavaThreadS1_+0x357
V  [libjvm.dylib+0xa5512b]  _ZN10JavaThread17thread_main_innerEv+0x14b
V  [libjvm.dylib+0xa53487]  _ZN6Thread8call_runEv+0xa7
V  [libjvm.dylib+0x861ddc]  _ZL19thread_native_entryP6Thread+0x14c
C  [libsystem_pthread.dylib+0x6109]  _pthread_start+0x94
C  [libsystem_pthread.dylib+0x1b8b]  thread_start+0xf


siginfo: si_signo: 11 (SIGSEGV), si_code: 0 (unknown), si_addr: 0x0000000000000000

Registers:
RAX=0x00007fd4106a0880, RBX=0x00007fd4140786d0, RCX=0x00007fd41066d830, RDX=0x0000000000000186
RSP=0x0000700009f03af0, RBP=0x0000700009f03af0, RSI=0x00007fd4140786d0, RDI=0x6c20617461642061
R8 =0x000000000000a40b, R9 =0xffffffff00000000, R10=0x0000000105eeb1c0, R11=0x0000000000000000
R12=0x6c20617461642061, R13=0x00007fd4106a0898, R14=0x00007fd4107262f0, R15=0x0000000000000000
RIP=0x0000000105aa51e4, EFLAGS=0x0000000000010246, ERR=0x0000000000000000
  TRAPNO=0x000000000000000d


Register to memory mapping:

RAX=0x00007fd4106a0880 points into unknown readable memory: 0x0000000000000000 | 00 00 00 00 00 00 00 00
RBX=0x00007fd4140786d0 points into unknown readable memory: 0x0000001400000000 | 00 00 00 00 14 00 00 00
RCX=0x00007fd41066d830 points into unknown readable memory: 0x00000000000007e1 | e1 07 00 00 00 00 00 00
RDX=0x0000000000000186 is an unknown value
RSP=0x0000700009f03af0 is pointing into the stack for thread: 0x00007fd412040c00
RBP=0x0000700009f03af0 is pointing into the stack for thread: 0x00007fd412040c00
RSI=0x00007fd4140786d0 points into unknown readable memory: 0x0000001400000000 | 00 00 00 00 14 00 00 00
RDI=0x6c20617461642061 is an unknown value
R8 =0x000000000000a40b is an unknown value
R9 =0xffffffff00000000 is an unknown value
R10=0x0000000105eeb1c0: _ZL8tc_mutex+0x18 in /Users/Shoaib/.vscode/extensions/redhat.java-1.37.0-darwin-x64/jre/17.0.13-macosx-x86_64/lib/server/libjvm.dylib at 0x0000000105200000
R11=0x0 is NULL
R12=0x6c20617461642061 is an unknown value
R13=0x00007fd4106a0898 points into unknown readable memory: 0x6c20617461642061 | 61 20 64 61 74 61 20 6c
R14=0x00007fd4107262f0 points into unknown readable memory: 0x0000000000000002 | 02 00 00 00 00 00 00 00
R15=0x0 is NULL


Top of Stack: (sp=0x0000700009f03af0)
0x0000700009f03af0:   0000700009f03c20 00000001055a52a8
0x0000700009f03b00:   000000000000000a 000000010495a400
0x0000700009f03b10:   0000700009f03bb0 00007fd4106a0898
0x0000700009f03b20:   00007fd41051ac40 0000000105eb6db0
0x0000700009f03b30:   0000000000000186 f6ad800070001001
0x0000700009f03b40:   00007fd41066d830 00007fd4106a0880
0x0000700009f03b50:   00007fd412041028 0000000000000a00
0x0000700009f03b60:   0000000000000000 000000000000000a
0x0000700009f03b70:   0000700009f03b90 0000000105c5c303
0x0000700009f03b80:   0000700009f03ba0 0000000105c5c303
0x0000700009f03b90:   00007fd410726418 0000000105c5c3c5
0x0000700009f03ba0:   0000700009f03bf0 0000000105343214
0x0000700009f03bb0:   0000700009f03be0 00007fff694f80c6
0x0000700009f03bc0:   00000000000000a0 00007fd410726330
0x0000700009f03bd0:   00007fd4107262f0 00007fd410726330
0x0000700009f03be0:   0000000000000008 0000000000007fd8
0x0000700009f03bf0:   71920a438d5f0099 0000700009f03ce0
0x0000700009f03c00:   0000000105d44f20 00000007c0002cc8
0x0000700009f03c10:   00007fd4107262f0 00007fd41066d1a0
0x0000700009f03c20:   0000700009f03cb0 00000001054cf32f
0x0000700009f03c30:   00007fd410476c60 00007fd412040c00
0x0000700009f03c40:   00007fd412040c00 00007fd4107262f0
0x0000700009f03c50:   00007fd410726330 00007fd410726340
0x0000700009f03c60:   00007fd410726418 00000000000000d8
0x0000700009f03c70:   0000700009f03ea0 00007fd41116bd60
0x0000700009f03c80:   00007fd412040c00 0000000000000000
0x0000700009f03c90:   0000000105f1cee8 00007fd410516710
0x0000700009f03ca0:   00007fd410705b70 00007fd4107063a0
0x0000700009f03cb0:   0000700009f03db0 0000000105aa4e8e
0x0000700009f03cc0:   0000700009f00100 0000000000000000
0x0000700009f03cd0:   00007fd4107060f0 0000000000000000
0x0000700009f03ce0:   0000000105ebe698 00007fd4140786d0 

Instructions: (pc=0x0000000105aa51e4)
0x0000000105aa50e4:   48 3b 45 d0 75 12 48 81 c4 c8 00 00 00 5b 41 5c
0x0000000105aa50f4:   41 5d 41 5e 41 5f 5d c3 e8 af 52 29 00 66 66 66
0x0000000105aa5104:   66 66 66 2e 0f 1f 84 00 00 00 00 00 55 48 89 e5
0x0000000105aa5114:   48 8b 7f 10 5d ff 25 29 ac 42 00 90 55 48 89 e5
0x0000000105aa5124:   41 57 41 56 41 55 41 54 53 50 48 89 f3 49 89 fe
0x0000000105aa5134:   8b 17 8b 4f 14 48 8d 35 96 84 2f 00 48 89 df 31
0x0000000105aa5144:   c0 e8 d6 56 fc ff 41 83 3e 00 7e 58 4c 8d 3d b9
0x0000000105aa5154:   84 2f 00 45 31 e4 eb 0f 0f 1f 40 00 49 ff c4 49
0x0000000105aa5164:   63 06 49 39 c4 7d 3d 49 8b 46 08 4e 8b 2c e0 4d
0x0000000105aa5174:   85 ed 74 e8 0f 1f 84 00 00 00 00 00 49 8b 7d 10
0x0000000105aa5184:   ff 15 be ab 42 00 48 89 df 4c 89 fe 44 89 e2 48
0x0000000105aa5194:   89 c1 31 c0 e8 83 56 fc ff 4d 8b 6d 08 4d 85 ed
0x0000000105aa51a4:   75 da eb b8 48 83 c4 08 5b 41 5c 41 5d 41 5e 41
0x0000000105aa51b4:   5f 5d c3 66 0f 1f 84 00 00 00 00 00 55 48 89 e5
0x0000000105aa51c4:   5d c3 66 2e 0f 1f 84 00 00 00 00 00 55 48 89 e5
0x0000000105aa51d4:   48 8b 7f 10 5d ff 25 91 b9 42 00 90 55 48 89 e5
0x0000000105aa51e4:   48 8b 07 48 8b 78 10 5d ff 25 56 ab 42 00 66 66
0x0000000105aa51f4:   66 66 66 2e 0f 1f 84 00 00 00 00 00 55 48 89 e5
0x0000000105aa5204:   53 50 48 89 fb 48 8b 7f 10 ff 15 35 ab 42 00 48
0x0000000105aa5214:   85 c0 74 18 48 8b 7b 10 ff 15 26 ab 42 00 48 89
0x0000000105aa5224:   c7 31 f6 e8 b4 cd fa ff 84 c0 74 07 48 83 c4 08
0x0000000105aa5234:   5b 5d c3 48 8d 3d f3 83 2f 00 48 8d 15 22 84 2f
0x0000000105aa5244:   00 48 8d 0d 75 84 2f 00 be c0 00 00 00 31 c0 e8
0x0000000105aa5254:   98 21 a9 ff 48 83 c4 08 5b 5d e9 ad c6 fb ff 66
0x0000000105aa5264:   66 66 66 2e 0f 1f 84 00 00 00 00 00 55 48 89 e5
0x0000000105aa5274:   41 57 41 56 41 55 41 54 53 50 48 89 f3 49 89 fe
0x0000000105aa5284:   48 8b 3e 4c 8b 3f 44 89 f8 83 e0 07 83 f8 01 75
0x0000000105aa5294:   0f 48 b8 00 ff ff ff 7f 00 00 00 4c 21 f8 75 09
0x0000000105aa52a4:   44 89 f8 f7 d0 a8 03 75 0d 49 c1 ef 08 41 81 e7
0x0000000105aa52b4:   ff ff ff 7f eb 08 e8 81 cc fa ff 49 89 c7 44 89
0x0000000105aa52c4:   f8 31 d2 41 f7 36 41 89 d5 49 8b 46 08 48 63 ca
0x0000000105aa52d4:   4c 8b 24 c8 4d 85 e4 74 2d 48 85 db 74 68 66 66 


Stack slot to memory mapping:
stack at sp + 0 slots: 0x0000700009f03c20 is pointing into the stack for thread: 0x00007fd412040c00
stack at sp + 1 slots: 0x00000001055a52a8: _ZN10Dictionary31clean_cached_protection_domainsEP13GrowableArrayIP21ProtectionDomainEntryE+0x108 in /Users/Shoaib/.vscode/extensions/redhat.java-1.37.0-darwin-x64/jre/17.0.13-macosx-x86_64/lib/server/libjvm.dylib at 0x0000000105200000
stack at sp + 2 slots: 0x000000000000000a is an unknown value
stack at sp + 3 slots: 0x000000010495a400 points into unknown readable memory: 0x0000000000000000 | 00 00 00 00 00 00 00 00
stack at sp + 4 slots: 0x0000700009f03bb0 is pointing into the stack for thread: 0x00007fd412040c00
stack at sp + 5 slots: 0x00007fd4106a0898 points into unknown readable memory: 0x6c20617461642061 | 61 20 64 61 74 61 20 6c
stack at sp + 6 slots: 0x00007fd41051ac40 points into unknown readable memory: 0x00007fd412040c00 | 00 0c 04 12 d4 7f 00 00
stack at sp + 7 slots: 0x0000000105eb6db0: _ZTV9LogStream+0x10 in /Users/Shoaib/.vscode/extensions/redhat.java-1.37.0-darwin-x64/jre/17.0.13-macosx-x86_64/lib/server/libjvm.dylib at 0x0000000105200000


---------------  P R O C E S S  ---------------

Threads class SMR info:
_java_thread_list=0x00007fd414bda8c0, length=32, elements={
0x00007fd410808200, 0x00007fd41180b200, 0x00007fd41201cc00, 0x00007fd411010400,
0x00007fd412040c00, 0x00007fd410815800, 0x00007fd411814e00, 0x00007fd410815e00,
0x00007fd41200ce00, 0x00007fd41202da00, 0x00007fd412055000, 0x00007fd41080c400,
0x00007fd41180ca00, 0x00007fd412035c00, 0x00007fd412054400, 0x00007fd41101fe00,
0x00007fd41220c000, 0x00007fd4111a9600, 0x00007fd412258200, 0x00007fd4110f8000,
0x00007fd41214a800, 0x00007fd411be6400, 0x00007fd41221f400, 0x00007fd411c71800,
0x00007fd4110f9600, 0x00007fd41222e000, 0x00007fd41081d400, 0x00007fd411010a00,
0x00007fd4108ec800, 0x00007fd41208d600, 0x00007fd41272e400, 0x00007fd4127f6200
}

Java Threads: ( => current thread )
  0x00007fd410808200 JavaThread "main" [_thread_blocked, id=9731, stack(0x00007000096ec000,0x00007000097ec000)]
  0x00007fd41180b200 JavaThread "Reference Handler" daemon [_thread_blocked, id=15619, stack(0x00007000099f5000,0x0000700009af5000)]
  0x00007fd41201cc00 JavaThread "Finalizer" daemon [_thread_blocked, id=15363, stack(0x0000700009af8000,0x0000700009bf8000)]
  0x00007fd411010400 JavaThread "Signal Dispatcher" daemon [_thread_blocked, id=42499, stack(0x0000700009d01000,0x0000700009e01000)]
=>0x00007fd412040c00 JavaThread "Service Thread" daemon [_thread_in_vm, id=24323, stack(0x0000700009e04000,0x0000700009f04000)]
  0x00007fd410815800 JavaThread "Monitor Deflation Thread" daemon [_thread_blocked, id=24835, stack(0x0000700009f07000,0x000070000a007000)]
  0x00007fd411814e00 JavaThread "C2 CompilerThread0" daemon [_thread_blocked, id=25091, stack(0x000070000a00a000,0x000070000a10a000)]
  0x00007fd410815e00 JavaThread "C1 CompilerThread0" daemon [_thread_blocked, id=25347, stack(0x000070000a10d000,0x000070000a20d000)]
  0x00007fd41200ce00 JavaThread "Sweeper thread" daemon [_thread_blocked, id=25603, stack(0x000070000a210000,0x000070000a310000)]
  0x00007fd41202da00 JavaThread "Common-Cleaner" daemon [_thread_blocked, id=26115, stack(0x000070000a313000,0x000070000a413000)]
  0x00007fd412055000 JavaThread "Notification Thread" daemon [_thread_blocked, id=41219, stack(0x000070000a416000,0x000070000a516000)]
  0x00007fd41080c400 JavaThread "Active Thread: Equinox Container: b4e7263f-1e0e-4e7d-b894-8c34276a94fa" [_thread_blocked, id=39427, stack(0x000070000a925000,0x000070000aa25000)]
  0x00007fd41180ca00 JavaThread "Refresh Thread: Equinox Container: b4e7263f-1e0e-4e7d-b894-8c34276a94fa" daemon [_thread_blocked, id=26883, stack(0x000070000aa28000,0x000070000ab28000)]
  0x00007fd412035c00 JavaThread "Framework Event Dispatcher: Equinox Container: b4e7263f-1e0e-4e7d-b894-8c34276a94fa" daemon [_thread_blocked, id=27139, stack(0x000070000ab2b000,0x000070000ac2b000)]
  0x00007fd412054400 JavaThread "Start Level: Equinox Container: b4e7263f-1e0e-4e7d-b894-8c34276a94fa" daemon [_thread_blocked, id=38659, stack(0x000070000ac2e000,0x000070000ad2e000)]
  0x00007fd41101fe00 JavaThread "Bundle File Closer" daemon [_thread_blocked, id=38403, stack(0x000070000ad31000,0x000070000ae31000)]
  0x00007fd41220c000 JavaThread "SCR Component Actor" daemon [_thread_blocked, id=37891, stack(0x000070000ae34000,0x000070000af34000)]
  0x00007fd4111a9600 JavaThread "Worker-JM" [_thread_blocked, id=37635, stack(0x000070000b03a000,0x000070000b13a000)]
  0x00007fd412258200 JavaThread "Worker-1: Compacting resource model" [_thread_blocked, id=37123, stack(0x000070000b240000,0x000070000b340000)]
  0x00007fd4110f8000 JavaThread "Worker-2: Initialize Workspace" [_thread_blocked, id=36611, stack(0x000070000b343000,0x000070000b443000)]
  0x00007fd41214a800 JavaThread "Java indexing" daemon [_thread_blocked, id=29187, stack(0x000070000b549000,0x000070000b649000)]
  0x00007fd411be6400 JavaThread "Worker-4" [_thread_blocked, id=29443, stack(0x000070000b64c000,0x000070000b74c000)]
  0x00007fd41221f400 JavaThread "Worker-5: Java indexing... " [_thread_blocked, id=35331, stack(0x000070000b74f000,0x000070000b84f000)]
  0x00007fd411c71800 JavaThread "pool-2-thread-1" [_thread_blocked, id=34819, stack(0x000070000b852000,0x000070000b952000)]
  0x00007fd4110f9600 JavaThread "WorkspaceEventsHandler" [_thread_blocked, id=34563, stack(0x000070000b955000,0x000070000ba55000)]
  0x00007fd41222e000 JavaThread "pool-1-thread-1" [_thread_blocked, id=30467, stack(0x000070000ba58000,0x000070000bb58000)]
  0x00007fd41081d400 JavaThread "Timer-0" [_thread_blocked, id=45315, stack(0x000070000c77f000,0x000070000c87f000)]
  0x00007fd411010a00 JavaThread "process reaper (pid 3678)" daemon [_thread_in_native, id=46339, stack(0x0000700009c7e000,0x0000700009ca2000)]
  0x00007fd4108ec800 JavaThread "Timer-1" [_thread_in_native, id=45831, stack(0x000070000c882000,0x000070000c982000)]
  0x00007fd41208d600 JavaThread "Connection worker" [_thread_in_native, id=84995, stack(0x000070000cc8e000,0x000070000cd8e000)]
  0x00007fd41272e400 JavaThread "pool-3-thread-1" [_thread_blocked, id=84483, stack(0x000070000cd91000,0x000070000ce91000)]
  0x00007fd4127f6200 JavaThread "Worker-10" [_thread_blocked, id=31751, stack(0x000070000af37000,0x000070000b037000)]

Other Threads:
  0x00007fd410521a40 VMThread "VM Thread" [stack: 0x00007000098f2000,0x00007000099f2000] [id=14083] _threads_hazard_ptr=0x00007fd414bda8c0
  0x00007fd410657ae0 WatcherThread [stack: 0x000070000a519000,0x000070000a619000] [id=40707]
  0x00007fd41070b510 GCTaskThread "GC Thread#0" [stack: 0x00007000097ef000,0x00007000098ef000] [id=20227]
  0x00007fd4104912e0 GCTaskThread "GC Thread#1" [stack: 0x000070000a61c000,0x000070000a71c000] [id=23303]
  0x00007fd41068de50 GCTaskThread "GC Thread#2" [stack: 0x000070000a71f000,0x000070000a81f000] [id=39939]
  0x00007fd410491cb0 GCTaskThread "GC Thread#3" [stack: 0x000070000a822000,0x000070000a922000] [id=26371]

Threads with active compile tasks:

VM state: synchronizing (normal execution)

VM Mutex/Monitor currently owned by a thread:  ([mutex/lock_event])
[0x00007fd410705b70] ClassLoaderDataGraph_lock - owner thread: 0x00007fd412040c00
[0x00007fd4107063a0] SystemDictionary_lock - owner thread: 0x00007fd412040c00
[0x00007fd410608680] Threads_lock - owner thread: 0x00007fd410521a40
[0x00007fd410608140] Heap_lock - owner thread: 0x00007fd41214a800

Heap address: 0x00000007c0000000, size: 1024 MB, Compressed Oops mode: Zero based, Oop shift amount: 3

CDS archive(s) not mapped
Compressed class space mapped at: 0x0000000800000000-0x0000000840000000, reserved size: 1073741824
Narrow klass base: 0x0000000800000000, Narrow klass shift: 0, Narrow klass range: 0x40000000

GC Precious Log:
 CPUs: 4 total, 4 available
 Memory: 8192M
 Large Page Support: Disabled
 NUMA Support: Disabled
 Compressed Oops: Enabled (Zero based)
 Alignments: Space 512K, Generation 512K, Heap 2M
 Heap Min Capacity: 100M
 Heap Initial Capacity: 100M
 Heap Max Capacity: 1G
 Pre-touch: Disabled
 Parallel Workers: 4

Heap:
 PSYoungGen      total 9216K, used 6202K [0x00000007eab00000, 0x00000007eb600000, 0x0000000800000000)
  eden space 8192K, 66% used [0x00000007eab00000,0x00000007eb0569b0,0x00000007eb300000)
  from space 1024K, 71% used [0x00000007eb300000,0x00000007eb3b8000,0x00000007eb400000)
  to   space 1536K, 0% used [0x00000007eb480000,0x00000007eb480000,0x00000007eb600000)
 ParOldGen       total 507392K, used 430852K [0x00000007c0000000, 0x00000007def80000, 0x00000007eab00000)
  object space 507392K, 84% used [0x00000007c0000000,0x00000007da4c1190,0x00000007def80000)
 Metaspace       used 78814K, committed 80064K, reserved 1179648K
  class space    used 8996K, committed 9536K, reserved 1048576K

Card table byte_map: [0x0000000109118000,0x0000000109319000] _byte_map_base: 0x0000000105318000

Marking Bits: (ParMarkBitMap*) 0x0000000105f1dfd0
 Begin Bits: [0x00000001194ba000, 0x000000011a4ba000)
 End Bits:   [0x000000011a4ba000, 0x000000011b4ba000)

Polling page: 0x0000000104974000

Metaspace:

Usage:
  Non-class:     68.18 MB used.
      Class:      8.79 MB used.
       Both:     76.97 MB used.

Virtual space:
  Non-class space:      128.00 MB reserved,      68.88 MB ( 54%) committed,  2 nodes.
      Class space:        1.00 GB reserved,       9.31 MB ( <1%) committed,  1 nodes.
             Both:        1.12 GB reserved,      78.19 MB (  7%) committed. 

Chunk freelists:
   Non-Class:  11.19 MB
       Class:  6.61 MB
        Both:  17.80 MB

MaxMetaspaceSize: unlimited
CompressedClassSpaceSize: 1.00 GB
Initial GC threshold: 21.00 MB
Current GC threshold: 130.12 MB
CDS: off
MetaspaceReclaimPolicy: balanced
 - commit_granule_bytes: 65536.
 - commit_granule_words: 8192.
 - virtual_space_node_default_size: 8388608.
 - enlarge_chunks_in_place: 1.
 - new_chunks_are_fully_committed: 0.
 - uncommit_free_chunks: 1.
 - use_allocation_guard: 0.
 - handle_deallocations: 1.


Internal statistics:

num_allocs_failed_limit: 6.
num_arena_births: 816.
num_arena_deaths: 24.
num_vsnodes_births: 3.
num_vsnodes_deaths: 0.
num_space_committed: 1251.
num_space_uncommitted: 0.
num_chunks_returned_to_freelist: 32.
num_chunks_taken_from_freelist: 3900.
num_chunk_merges: 15.
num_chunk_splits: 2433.
num_chunks_enlarged: 1427.
num_inconsistent_stats: 0.

CodeHeap 'non-profiled nmethods': size=120032Kb used=6587Kb max_used=6587Kb free=113445Kb
 bounds [0x0000000111f82000, 0x00000001125f2000, 0x00000001194ba000]
CodeHeap 'profiled nmethods': size=120028Kb used=17828Kb max_used=19606Kb free=102199Kb
 bounds [0x000000010a4ba000, 0x000000010b88a000, 0x00000001119f1000]
CodeHeap 'non-nmethods': size=5700Kb used=1390Kb max_used=1477Kb free=4309Kb
 bounds [0x00000001119f1000, 0x0000000111c61000, 0x0000000111f82000]
 total_blobs=10007 nmethods=9260 adapters=661
 compilation: enabled
              stopped_count=0, restarted_count=0
 full_count=0

Compilation events (20 events):
Event: 668.871 Thread 0x00007fd411814e00 12574       4       java.lang.StringConcatHelper::prepend (22 bytes)
Event: 668.875 Thread 0x00007fd411814e00 nmethod 12574 0x0000000112373490 code [0x0000000112373640, 0x0000000112373a38]
Event: 668.934 Thread 0x00007fd411814e00 12575       4       org.eclipse.jdt.internal.core.index.MemoryIndex::remove (32 bytes)
Event: 668.944 Thread 0x00007fd411814e00 nmethod 12575 0x00000001125e0990 code [0x00000001125e0b60, 0x00000001125e11b8]
Event: 671.227 Thread 0x00007fd411814e00 12576       4       java.util.zip.ZipFile::getZipEntry (322 bytes)
Event: 671.265 Thread 0x00007fd411814e00 nmethod 12576 0x00000001125e1610 code [0x00000001125e1880, 0x00000001125e38f0]
Event: 672.915 Thread 0x00007fd410815e00 12577       3       org.eclipse.jdt.internal.compiler.parser.Scanner::internalScanIdentifierOrKeyword (4943 bytes)
Event: 672.916 Thread 0x00007fd411814e00 12578       4       org.eclipse.jdt.internal.core.search.JavaSearchParticipant::indexDocument (89 bytes)
Event: 672.926 Thread 0x00007fd410815e00 nmethod 12577 0x000000010b0b2790 code [0x000000010b0b3580, 0x000000010b0be3c0]
Event: 673.018 Thread 0x00007fd411814e00 nmethod 12578 0x00000001125e4a10 code [0x00000001125e4c60, 0x00000001125e6720]
Event: 673.018 Thread 0x00007fd411814e00 12579       4       java.net.URI$Parser::parse (243 bytes)
Event: 673.096 Thread 0x00007fd411814e00 nmethod 12579 0x00000001125e7610 code [0x00000001125e78a0, 0x00000001125e9900]
Event: 673.595 Thread 0x00007fd411814e00 12580       4       org.eclipse.jdt.internal.compiler.parser.Scanner::internalScanIdentifierOrKeyword (4943 bytes)
Event: 673.659 Thread 0x00007fd411814e00 nmethod 12580 0x00000001125eaf10 code [0x00000001125eb2e0, 0x00000001125ed110]
Event: 673.660 Thread 0x00007fd411814e00 12581       4       java.lang.StringConcatHelper::newString (67 bytes)
Event: 673.662 Thread 0x00007fd411814e00 nmethod 12581 0x0000000112372f90 code [0x0000000112373120, 0x0000000112373278]
Event: 674.025 Thread 0x00007fd410815e00 12582       3       org.eclipse.jdt.internal.compiler.parser.Scanner::internalScanIdentifierOrKeyword (4943 bytes)
Event: 674.033 Thread 0x00007fd410815e00 nmethod 12582 0x000000010b840790 code [0x000000010b841580, 0x000000010b84c3c0]
Event: 680.970 Thread 0x00007fd411814e00 12583       4       org.eclipse.jdt.internal.compiler.parser.Scanner::internalScanIdentifierOrKeyword (4943 bytes)
Event: 681.049 Thread 0x00007fd411814e00 nmethod 12583 0x00000001125edd90 code [0x00000001125ee160, 0x00000001125eff90]

GC Heap History (20 events):
Event: 695.704 GC heap before
{Heap before GC invocations=696 (full 21):
 PSYoungGen      total 9216K, used 9185K [0x00000007eab00000, 0x00000007eb800000, 0x0000000800000000)
  eden space 8192K, 100% used [0x00000007eab00000,0x00000007eb300000,0x00000007eb300000)
  from space 1024K, 96% used [0x00000007eb300000,0x00000007eb3f8448,0x00000007eb400000)
  to   space 2560K, 0% used [0x00000007eb580000,0x00000007eb580000,0x00000007eb800000)
 ParOldGen       total 450560K, used 443989K [0x00000007c0000000, 0x00000007db800000, 0x00000007eab00000)
  object space 450560K, 98% used [0x00000007c0000000,0x00000007db195520,0x00000007db800000)
 Metaspace       used 78826K, committed 80064K, reserved 1179648K
  class space    used 8999K, committed 9536K, reserved 1048576K
}
Event: 695.707 GC heap after
{Heap after GC invocations=696 (full 21):
 PSYoungGen      total 9216K, used 896K [0x00000007eab00000, 0x00000007eb680000, 0x0000000800000000)
  eden space 8192K, 0% used [0x00000007eab00000,0x00000007eab00000,0x00000007eb300000)
  from space 1024K, 87% used [0x00000007eb580000,0x00000007eb660000,0x00000007eb680000)
  to   space 1536K, 0% used [0x00000007eb380000,0x00000007eb380000,0x00000007eb500000)
 ParOldGen       total 450560K, used 444901K [0x00000007c0000000, 0x00000007db800000, 0x00000007eab00000)
  object space 450560K, 98% used [0x00000007c0000000,0x00000007db279520,0x00000007db800000)
 Metaspace       used 78826K, committed 80064K, reserved 1179648K
  class space    used 8999K, committed 9536K, reserved 1048576K
}
Event: 695.746 GC heap before
{Heap before GC invocations=697 (full 21):
 PSYoungGen      total 9216K, used 9088K [0x00000007eab00000, 0x00000007eb680000, 0x0000000800000000)
  eden space 8192K, 100% used [0x00000007eab00000,0x00000007eb300000,0x00000007eb300000)
  from space 1024K, 87% used [0x00000007eb580000,0x00000007eb660000,0x00000007eb680000)
  to   space 1536K, 0% used [0x00000007eb380000,0x00000007eb380000,0x00000007eb500000)
 ParOldGen       total 450560K, used 444901K [0x00000007c0000000, 0x00000007db800000, 0x00000007eab00000)
  object space 450560K, 98% used [0x00000007c0000000,0x00000007db279520,0x00000007db800000)
 Metaspace       used 78826K, committed 80064K, reserved 1179648K
  class space    used 8999K, committed 9536K, reserved 1048576K
}
Event: 695.749 GC heap after
{Heap after GC invocations=697 (full 21):
 PSYoungGen      total 9728K, used 864K [0x00000007eab00000, 0x00000007eb600000, 0x0000000800000000)
  eden space 8192K, 0% used [0x00000007eab00000,0x00000007eab00000,0x00000007eb300000)
  from space 1536K, 56% used [0x00000007eb380000,0x00000007eb458000,0x00000007eb500000)
  to   space 1024K, 0% used [0x00000007eb500000,0x00000007eb500000,0x00000007eb600000)
 ParOldGen       total 450560K, used 445685K [0x00000007c0000000, 0x00000007db800000, 0x00000007eab00000)
  object space 450560K, 98% used [0x00000007c0000000,0x00000007db33d520,0x00000007db800000)
 Metaspace       used 78826K, committed 80064K, reserved 1179648K
  class space    used 8999K, committed 9536K, reserved 1048576K
}
Event: 698.331 GC heap before
{Heap before GC invocations=698 (full 21):
 PSYoungGen      total 9728K, used 9056K [0x00000007eab00000, 0x00000007eb600000, 0x0000000800000000)
  eden space 8192K, 100% used [0x00000007eab00000,0x00000007eb300000,0x00000007eb300000)
  from space 1536K, 56% used [0x00000007eb380000,0x00000007eb458000,0x00000007eb500000)
  to   space 1024K, 0% used [0x00000007eb500000,0x00000007eb500000,0x00000007eb600000)
 ParOldGen       total 450560K, used 445685K [0x00000007c0000000, 0x00000007db800000, 0x00000007eab00000)
  object space 450560K, 98% used [0x00000007c0000000,0x00000007db33d520,0x00000007db800000)
 Metaspace       used 78826K, committed 80064K, reserved 1179648K
  class space    used 8999K, committed 9536K, reserved 1048576K
}
Event: 698.339 GC heap after
{Heap after GC invocations=698 (full 21):
 PSYoungGen      total 9216K, used 832K [0x00000007eab00000, 0x00000007eb600000, 0x0000000800000000)
  eden space 8192K, 0% used [0x00000007eab00000,0x00000007eab00000,0x00000007eb300000)
  from space 1024K, 81% used [0x00000007eb500000,0x00000007eb5d0000,0x00000007eb600000)
  to   space 1024K, 0% used [0x00000007eb400000,0x00000007eb400000,0x00000007eb500000)
 ParOldGen       total 450560K, used 446453K [0x00000007c0000000, 0x00000007db800000, 0x00000007eab00000)
  object space 450560K, 99% used [0x00000007c0000000,0x00000007db3fd520,0x00000007db800000)
 Metaspace       used 78826K, committed 80064K, reserved 1179648K
  class space    used 8999K, committed 9536K, reserved 1048576K
}
Event: 699.591 GC heap before
{Heap before GC invocations=699 (full 21):
 PSYoungGen      total 9216K, used 9024K [0x00000007eab00000, 0x00000007eb600000, 0x0000000800000000)
  eden space 8192K, 100% used [0x00000007eab00000,0x00000007eb300000,0x00000007eb300000)
  from space 1024K, 81% used [0x00000007eb500000,0x00000007eb5d0000,0x00000007eb600000)
  to   space 1024K, 0% used [0x00000007eb400000,0x00000007eb400000,0x00000007eb500000)
 ParOldGen       total 450560K, used 446453K [0x00000007c0000000, 0x00000007db800000, 0x00000007eab00000)
  object space 450560K, 99% used [0x00000007c0000000,0x00000007db3fd520,0x00000007db800000)
 Metaspace       used 78826K, committed 80064K, reserved 1179648K
  class space    used 8999K, committed 9536K, reserved 1048576K
}
Event: 699.605 GC heap after
{Heap after GC invocations=699 (full 21):
 PSYoungGen      total 9216K, used 864K [0x00000007eab00000, 0x00000007eb580000, 0x0000000800000000)
  eden space 8192K, 0% used [0x00000007eab00000,0x00000007eab00000,0x00000007eb300000)
  from space 1024K, 84% used [0x00000007eb400000,0x00000007eb4d8000,0x00000007eb500000)
  to   space 512K, 0% used [0x00000007eb500000,0x00000007eb500000,0x00000007eb580000)
 ParOldGen       total 450560K, used 447229K [0x00000007c0000000, 0x00000007db800000, 0x00000007eab00000)
  object space 450560K, 99% used [0x00000007c0000000,0x00000007db4bf520,0x00000007db800000)
 Metaspace       used 78826K, committed 80064K, reserved 1179648K
  class space    used 8999K, committed 9536K, reserved 1048576K
}
Event: 699.656 GC heap before
{Heap before GC invocations=700 (full 21):
 PSYoungGen      total 9216K, used 9056K [0x00000007eab00000, 0x00000007eb580000, 0x0000000800000000)
  eden space 8192K, 100% used [0x00000007eab00000,0x00000007eb300000,0x00000007eb300000)
  from space 1024K, 84% used [0x00000007eb400000,0x00000007eb4d8000,0x00000007eb500000)
  to   space 512K, 0% used [0x00000007eb500000,0x00000007eb500000,0x00000007eb580000)
 ParOldGen       total 450560K, used 447229K [0x00000007c0000000, 0x00000007db800000, 0x00000007eab00000)
  object space 450560K, 99% used [0x00000007c0000000,0x00000007db4bf520,0x00000007db800000)
 Metaspace       used 78826K, committed 80064K, reserved 1179648K
  class space    used 8999K, committed 9536K, reserved 1048576K
}
Event: 699.672 GC heap after
{Heap after GC invocations=700 (full 21):
 PSYoungGen      total 8704K, used 512K [0x00000007eab00000, 0x00000007eb700000, 0x0000000800000000)
  eden space 8192K, 0% used [0x00000007eab00000,0x00000007eab00000,0x00000007eb300000)
  from space 512K, 100% used [0x00000007eb500000,0x00000007eb580000,0x00000007eb580000)
  to   space 2048K, 0% used [0x00000007eb300000,0x00000007eb300000,0x00000007eb500000)
 ParOldGen       total 450560K, used 448229K [0x00000007c0000000, 0x00000007db800000, 0x00000007eab00000)
  object space 450560K, 99% used [0x00000007c0000000,0x00000007db5b9520,0x00000007db800000)
 Metaspace       used 78826K, committed 80064K, reserved 1179648K
  class space    used 8999K, committed 9536K, reserved 1048576K
}
Event: 700.002 GC heap before
{Heap before GC invocations=701 (full 21):
 PSYoungGen      total 8704K, used 8704K [0x00000007eab00000, 0x00000007eb700000, 0x0000000800000000)
  eden space 8192K, 100% used [0x00000007eab00000,0x00000007eb300000,0x00000007eb300000)
  from space 512K, 100% used [0x00000007eb500000,0x00000007eb580000,0x00000007eb580000)
  to   space 2048K, 0% used [0x00000007eb300000,0x00000007eb300000,0x00000007eb500000)
 ParOldGen       total 450560K, used 448229K [0x00000007c0000000, 0x00000007db800000, 0x00000007eab00000)
  object space 450560K, 99% used [0x00000007c0000000,0x00000007db5b9520,0x00000007db800000)
 Metaspace       used 78826K, committed 80064K, reserved 1179648K
  class space    used 8999K, committed 9536K, reserved 1048576K
}
Event: 700.029 GC heap after
{Heap after GC invocations=701 (full 21):
 PSYoungGen      total 9216K, used 864K [0x00000007eab00000, 0x00000007eb600000, 0x0000000800000000)
  eden space 8192K, 0% used [0x00000007eab00000,0x00000007eab00000,0x00000007eb300000)
  from space 1024K, 84% used [0x00000007eb300000,0x00000007eb3d8000,0x00000007eb400000)
  to   space 1536K, 0% used [0x00000007eb480000,0x00000007eb480000,0x00000007eb600000)
 ParOldGen       total 450560K, used 448725K [0x00000007c0000000, 0x00000007db800000, 0x00000007eab00000)
  object space 450560K, 99% used [0x00000007c0000000,0x00000007db635520,0x00000007db800000)
 Metaspace       used 78826K, committed 80064K, reserved 1179648K
  class space    used 8999K, committed 9536K, reserved 1048576K
}
Event: 700.192 GC heap before
{Heap before GC invocations=702 (full 21):
 PSYoungGen      total 9216K, used 9056K [0x00000007eab00000, 0x00000007eb600000, 0x0000000800000000)
  eden space 8192K, 100% used [0x00000007eab00000,0x00000007eb300000,0x00000007eb300000)
  from space 1024K, 84% used [0x00000007eb300000,0x00000007eb3d8000,0x00000007eb400000)
  to   space 1536K, 0% used [0x00000007eb480000,0x00000007eb480000,0x00000007eb600000)
 ParOldGen       total 450560K, used 448725K [0x00000007c0000000, 0x00000007db800000, 0x00000007eab00000)
  object space 450560K, 99% used [0x00000007c0000000,0x00000007db635520,0x00000007db800000)
 Metaspace       used 78826K, committed 80064K, reserved 1179648K
  class space    used 8999K, committed 9536K, reserved 1048576K
}
Event: 700.205 GC heap after
{Heap after GC invocations=702 (full 21):
 PSYoungGen      total 9216K, used 864K [0x00000007eab00000, 0x00000007eb580000, 0x0000000800000000)
  eden space 8192K, 0% used [0x00000007eab00000,0x00000007eab00000,0x00000007eb300000)
  from space 1024K, 84% used [0x00000007eb480000,0x00000007eb558000,0x00000007eb580000)
  to   space 1024K, 0% used [0x00000007eb300000,0x00000007eb300000,0x00000007eb400000)
 ParOldGen       total 450560K, used 449533K [0x00000007c0000000, 0x00000007db800000, 0x00000007eab00000)
  object space 450560K, 99% used [0x00000007c0000000,0x00000007db6ff520,0x00000007db800000)
 Metaspace       used 78826K, committed 80064K, reserved 1179648K
  class space    used 8999K, committed 9536K, reserved 1048576K
}
Event: 700.376 GC heap before
{Heap before GC invocations=703 (full 21):
 PSYoungGen      total 9216K, used 9056K [0x00000007eab00000, 0x00000007eb580000, 0x0000000800000000)
  eden space 8192K, 100% used [0x00000007eab00000,0x00000007eb300000,0x00000007eb300000)
  from space 1024K, 84% used [0x00000007eb480000,0x00000007eb558000,0x00000007eb580000)
  to   space 1024K, 0% used [0x00000007eb300000,0x00000007eb300000,0x00000007eb400000)
 ParOldGen       total 450560K, used 449533K [0x00000007c0000000, 0x00000007db800000, 0x00000007eab00000)
  object space 450560K, 99% used [0x00000007c0000000,0x00000007db6ff520,0x00000007db800000)
 Metaspace       used 78826K, committed 80064K, reserved 1179648K
  class space    used 8999K, committed 9536K, reserved 1048576K
}
Event: 700.390 GC heap after
{Heap after GC invocations=703 (full 21):
 PSYoungGen      total 9216K, used 1012K [0x00000007eab00000, 0x00000007eb800000, 0x0000000800000000)
  eden space 8192K, 0% used [0x00000007eab00000,0x00000007eab00000,0x00000007eb300000)
  from space 1024K, 98% used [0x00000007eb300000,0x00000007eb3fd3e8,0x00000007eb400000)
  to   space 2560K, 0% used [0x00000007eb580000,0x00000007eb580000,0x00000007eb800000)
 ParOldGen       total 450560K, used 450413K [0x00000007c0000000, 0x00000007db800000, 0x00000007eab00000)
  object space 450560K, 99% used [0x00000007c0000000,0x00000007db7db520,0x00000007db800000)
 Metaspace       used 78826K, committed 80064K, reserved 1179648K
  class space    used 8999K, committed 9536K, reserved 1048576K
}
Event: 700.453 GC heap before
{Heap before GC invocations=704 (full 22):
 PSYoungGen      total 9216K, used 9204K [0x00000007eab00000, 0x00000007eb800000, 0x0000000800000000)
  eden space 8192K, 100% used [0x00000007eab00000,0x00000007eb300000,0x00000007eb300000)
  from space 1024K, 98% used [0x00000007eb300000,0x00000007eb3fd3e8,0x00000007eb400000)
  to   space 2560K, 0% used [0x00000007eb580000,0x00000007eb580000,0x00000007eb800000)
 ParOldGen       total 450560K, used 450413K [0x00000007c0000000, 0x00000007db800000, 0x00000007eab00000)
  object space 450560K, 99% used [0x00000007c0000000,0x00000007db7db520,0x00000007db800000)
 Metaspace       used 78826K, committed 80064K, reserved 1179648K
  class space    used 8999K, committed 9536K, reserved 1048576K
}
Event: 702.820 GC heap after
{Heap after GC invocations=704 (full 22):
 PSYoungGen      total 10752K, used 0K [0x00000007eab00000, 0x00000007eb800000, 0x0000000800000000)
  eden space 8192K, 0% used [0x00000007eab00000,0x00000007eab00000,0x00000007eb300000)
  from space 2560K, 0% used [0x00000007eb580000,0x00000007eb580000,0x00000007eb800000)
  to   space 2560K, 0% used [0x00000007eb300000,0x00000007eb300000,0x00000007eb580000)
 ParOldGen       total 507392K, used 430852K [0x00000007c0000000, 0x00000007def80000, 0x00000007eab00000)
  object space 507392K, 84% used [0x00000007c0000000,0x00000007da4c1190,0x00000007def80000)
 Metaspace       used 78814K, committed 80064K, reserved 1179648K
  class space    used 8996K, committed 9536K, reserved 1048576K
}
Event: 703.494 GC heap before
{Heap before GC invocations=705 (full 22):
 PSYoungGen      total 10752K, used 8192K [0x00000007eab00000, 0x00000007eb800000, 0x0000000800000000)
  eden space 8192K, 100% used [0x00000007eab00000,0x00000007eb300000,0x00000007eb300000)
  from space 2560K, 0% used [0x00000007eb580000,0x00000007eb580000,0x00000007eb800000)
  to   space 2560K, 0% used [0x00000007eb300000,0x00000007eb300000,0x00000007eb580000)
 ParOldGen       total 507392K, used 430852K [0x00000007c0000000, 0x00000007def80000, 0x00000007eab00000)
  object space 507392K, 84% used [0x00000007c0000000,0x00000007da4c1190,0x00000007def80000)
 Metaspace       used 78814K, committed 80064K, reserved 1179648K
  class space    used 8996K, committed 9536K, reserved 1048576K
}
Event: 703.496 GC heap after
{Heap after GC invocations=705 (full 22):
 PSYoungGen      total 9216K, used 736K [0x00000007eab00000, 0x00000007eb600000, 0x0000000800000000)
  eden space 8192K, 0% used [0x00000007eab00000,0x00000007eab00000,0x00000007eb300000)
  from space 1024K, 71% used [0x00000007eb300000,0x00000007eb3b8000,0x00000007eb400000)
  to   space 1536K, 0% used [0x00000007eb480000,0x00000007eb480000,0x00000007eb600000)
 ParOldGen       total 507392K, used 430852K [0x00000007c0000000, 0x00000007def80000, 0x00000007eab00000)
  object space 507392K, 84% used [0x00000007c0000000,0x00000007da4c1190,0x00000007def80000)
 Metaspace       used 78814K, committed 80064K, reserved 1179648K
  class space    used 8996K, committed 9536K, reserved 1048576K
}

Dll operation events (12 events):
Event: 0.017 Loaded shared library /Users/Shoaib/.vscode/extensions/redhat.java-1.37.0-darwin-x64/jre/17.0.13-macosx-x86_64/lib/libjava.dylib
Event: 2.276 Loaded shared library /Users/Shoaib/.vscode/extensions/redhat.java-1.37.0-darwin-x64/jre/17.0.13-macosx-x86_64/lib/libzip.dylib
Event: 2.279 Loaded shared library /Users/Shoaib/.vscode/extensions/redhat.java-1.37.0-darwin-x64/jre/17.0.13-macosx-x86_64/lib/libinstrument.dylib
Event: 2.523 Loaded shared library /Users/Shoaib/.vscode/extensions/redhat.java-1.37.0-darwin-x64/jre/17.0.13-macosx-x86_64/lib/libnio.dylib
Event: 2.594 Loaded shared library /Users/Shoaib/.vscode/extensions/redhat.java-1.37.0-darwin-x64/jre/17.0.13-macosx-x86_64/lib/libzip.dylib
Event: 2.959 Loaded shared library /Users/Shoaib/.vscode/extensions/redhat.java-1.37.0-darwin-x64/jre/17.0.13-macosx-x86_64/lib/libjimage.dylib
Event: 3.495 Loaded shared library /Users/Shoaib/.vscode/extensions/redhat.java-1.37.0-darwin-x64/jre/17.0.13-macosx-x86_64/lib/libverify.dylib
Event: 10.511 Loaded shared library /Users/Shoaib/.vscode/extensions/redhat.java-1.37.0-darwin-x64/jre/17.0.13-macosx-x86_64/lib/libnet.dylib
Event: 89.983 Loaded shared library /Users/Shoaib/.vscode/extensions/redhat.java-1.37.0-darwin-x64/jre/17.0.13-macosx-x86_64/lib/libextnet.dylib
Event: 112.865 Loaded shared library /Users/Shoaib/.gradle/native/c067742578af261105cb4f569cf0c3c89f3d7b1fecec35dd04571415982c5e48/osx-amd64/libnative-platform.dylib
Event: 115.042 Loaded shared library /Users/Shoaib/.vscode/extensions/redhat.java-1.37.0-darwin-x64/jre/17.0.13-macosx-x86_64/lib/libmanagement.dylib
Event: 115.068 Loaded shared library /Users/Shoaib/.vscode/extensions/redhat.java-1.37.0-darwin-x64/jre/17.0.13-macosx-x86_64/lib/libmanagement_ext.dylib

Deoptimization events (20 events):
Event: 662.391 Thread 0x00007fd41214a800 DEOPT PACKING pc=0x000000010a8adc7b sp=0x000070000b648500
Event: 662.391 Thread 0x00007fd41214a800 DEOPT UNPACKING pc=0x0000000111a47b2f sp=0x000070000b647a58 mode 0
Event: 662.396 Thread 0x00007fd41214a800 DEOPT PACKING pc=0x000000010a8adc7b sp=0x000070000b648500
Event: 662.396 Thread 0x00007fd41214a800 DEOPT UNPACKING pc=0x0000000111a47b2f sp=0x000070000b647a58 mode 0
Event: 662.413 Thread 0x00007fd41214a800 DEOPT PACKING pc=0x000000010a8adc7b sp=0x000070000b648500
Event: 662.425 Thread 0x00007fd41214a800 DEOPT UNPACKING pc=0x0000000111a47b2f sp=0x000070000b647a58 mode 0
Event: 662.523 Thread 0x00007fd41214a800 DEOPT PACKING pc=0x000000010a8adc7b sp=0x000070000b648500
Event: 662.523 Thread 0x00007fd41214a800 DEOPT UNPACKING pc=0x0000000111a47b2f sp=0x000070000b647a58 mode 0
Event: 664.608 Thread 0x00007fd41214a800 Uncommon trap: trap_request=0xffffff45 fr.pc=0x00000001124bea88 relative=0x00000000000004a8
Event: 664.608 Thread 0x00007fd41214a800 Uncommon trap: reason=unstable_if action=reinterpret pc=0x00000001124bea88 method=org.eclipse.jdt.internal.compiler.parser.Scanner.internalScanIdentifierOrKeyword(II[C)I @ 235 c2
Event: 664.608 Thread 0x00007fd41214a800 DEOPT PACKING pc=0x00000001124bea88 sp=0x000070000b6486b0
Event: 664.608 Thread 0x00007fd41214a800 DEOPT UNPACKING pc=0x0000000111a47399 sp=0x000070000b648650 mode 2
Event: 672.911 Thread 0x00007fd41214a800 Uncommon trap: trap_request=0xffffff45 fr.pc=0x0000000112377b04 relative=0x0000000000001ca4
Event: 672.911 Thread 0x00007fd41214a800 Uncommon trap: reason=unstable_if action=reinterpret pc=0x0000000112377b04 method=org.eclipse.jdt.internal.compiler.parser.Scanner.internalScanIdentifierOrKeyword(II[C)I @ 4780 c2
Event: 672.911 Thread 0x00007fd41214a800 DEOPT PACKING pc=0x0000000112377b04 sp=0x000070000b648460
Event: 672.911 Thread 0x00007fd41214a800 DEOPT UNPACKING pc=0x0000000111a47399 sp=0x000070000b648400 mode 2
Event: 674.023 Thread 0x00007fd41214a800 Uncommon trap: trap_request=0xffffff45 fr.pc=0x00000001125ecdd4 relative=0x0000000000001af4
Event: 674.023 Thread 0x00007fd41214a800 Uncommon trap: reason=unstable_if action=reinterpret pc=0x00000001125ecdd4 method=org.eclipse.jdt.internal.compiler.parser.Scanner.internalScanIdentifierOrKeyword(II[C)I @ 2546 c2
Event: 674.023 Thread 0x00007fd41214a800 DEOPT PACKING pc=0x00000001125ecdd4 sp=0x000070000b648460
Event: 674.023 Thread 0x00007fd41214a800 DEOPT UNPACKING pc=0x0000000111a47399 sp=0x000070000b648400 mode 2

Classes loaded (20 events):
Event: 178.021 Loading class sun/nio/fs/UnixCopyFile$Flags
Event: 178.022 Loading class sun/nio/fs/UnixCopyFile$Flags done
Event: 197.166 Loading class java/lang/UnsupportedClassVersionError
Event: 197.167 Loading class java/lang/UnsupportedClassVersionError done
Event: 197.194 Loading class java/io/ObjectStreamClass$1
Event: 197.194 Loading class java/io/ObjectStreamClass$1 done
Event: 197.195 Loading class java/io/ObjectStreamClass$MemberSignature
Event: 197.195 Loading class java/io/ObjectStreamClass$MemberSignature done
Event: 197.195 Loading class java/io/ObjectStreamClass$3
Event: 197.195 Loading class java/io/ObjectStreamClass$3 done
Event: 197.196 Loading class java/io/ObjectStreamClass$4
Event: 197.196 Loading class java/io/ObjectStreamClass$4 done
Event: 197.196 Loading class java/io/ObjectStreamClass$5
Event: 197.196 Loading class java/io/ObjectStreamClass$5 done
Event: 217.987 Loading class java/time/Ser
Event: 217.988 Loading class java/time/Ser done
Event: 389.324 Loading class java/io/ObjectStreamClass$ExceptionInfo
Event: 389.326 Loading class java/io/ObjectStreamClass$ExceptionInfo done
Event: 524.614 Loading class jdk/internal/misc/ScopedMemoryAccess$Scope$Handle
Event: 524.615 Loading class jdk/internal/misc/ScopedMemoryAccess$Scope$Handle done

Classes unloaded (12 events):
Event: 87.367 Thread 0x00007fd410521a40 Unloading class 0x000000080025c000 'java/lang/invoke/LambdaForm$MH+0x000000080025c000'
Event: 87.367 Thread 0x00007fd410521a40 Unloading class 0x000000080025bc00 'java/lang/invoke/LambdaForm$MH+0x000000080025bc00'
Event: 87.367 Thread 0x00007fd410521a40 Unloading class 0x000000080025b800 'java/lang/invoke/LambdaForm$MH+0x000000080025b800'
Event: 87.367 Thread 0x00007fd410521a40 Unloading class 0x000000080025b400 'java/lang/invoke/LambdaForm$MH+0x000000080025b400'
Event: 87.367 Thread 0x00007fd410521a40 Unloading class 0x000000080025b000 'java/lang/invoke/LambdaForm$BMH+0x000000080025b000'
Event: 87.367 Thread 0x00007fd410521a40 Unloading class 0x000000080025ac00 'java/lang/invoke/LambdaForm$DMH+0x000000080025ac00'
Event: 87.367 Thread 0x00007fd410521a40 Unloading class 0x0000000800258400 'java/lang/invoke/LambdaForm$DMH+0x0000000800258400'
Event: 700.841 Thread 0x00007fd410521a40 Unloading class 0x0000000800129000 'jdk/internal/reflect/GeneratedMethodAccessor5'
Event: 700.841 Thread 0x00007fd410521a40 Unloading class 0x0000000800128c00 'jdk/internal/reflect/GeneratedMethodAccessor4'
Event: 700.841 Thread 0x00007fd410521a40 Unloading class 0x0000000800128800 'jdk/internal/reflect/GeneratedMethodAccessor3'
Event: 700.841 Thread 0x00007fd410521a40 Unloading class 0x0000000800128400 'jdk/internal/reflect/GeneratedMethodAccessor2'
Event: 700.841 Thread 0x00007fd410521a40 Unloading class 0x0000000800128000 'jdk/internal/reflect/GeneratedMethodAccessor1'

Classes redefined (0 events):
No events

Internal exceptions (20 events):
Event: 613.245 Thread 0x00007fd41214a800 Exception <a 'sun/nio/fs/UnixException'{0x00000007eae62da0}> (0x00000007eae62da0) 
thrown [src/hotspot/share/prims/jni.cpp, line 516]
Event: 623.667 Thread 0x00007fd41214a800 Exception <a 'sun/nio/fs/UnixException'{0x00000007eaebc930}> (0x00000007eaebc930) 
thrown [src/hotspot/share/prims/jni.cpp, line 516]
Event: 626.603 Thread 0x00007fd41214a800 Exception <a 'sun/nio/fs/UnixException'{0x00000007eacdff48}> (0x00000007eacdff48) 
thrown [src/hotspot/share/prims/jni.cpp, line 516]
Event: 626.880 Thread 0x00007fd41214a800 Exception <a 'sun/nio/fs/UnixException'{0x00000007eb2efe78}> (0x00000007eb2efe78) 
thrown [src/hotspot/share/prims/jni.cpp, line 516]
Event: 626.949 Thread 0x00007fd41214a800 Exception <a 'sun/nio/fs/UnixException'{0x00000007eabdd858}> (0x00000007eabdd858) 
thrown [src/hotspot/share/prims/jni.cpp, line 516]
Event: 626.970 Thread 0x00007fd41214a800 Exception <a 'sun/nio/fs/UnixException'{0x00000007eac0f020}> (0x00000007eac0f020) 
thrown [src/hotspot/share/prims/jni.cpp, line 516]
Event: 626.986 Thread 0x00007fd41214a800 Exception <a 'sun/nio/fs/UnixException'{0x00000007eacd2e68}> (0x00000007eacd2e68) 
thrown [src/hotspot/share/prims/jni.cpp, line 516]
Event: 627.009 Thread 0x00007fd41214a800 Exception <a 'sun/nio/fs/UnixException'{0x00000007eaeb04f8}> (0x00000007eaeb04f8) 
thrown [src/hotspot/share/prims/jni.cpp, line 516]
Event: 627.371 Thread 0x00007fd41214a800 Exception <a 'sun/nio/fs/UnixException'{0x00000007ead325a0}> (0x00000007ead325a0) 
thrown [src/hotspot/share/prims/jni.cpp, line 516]
Event: 627.385 Thread 0x00007fd41214a800 Exception <a 'sun/nio/fs/UnixException'{0x00000007eaf02278}> (0x00000007eaf02278) 
thrown [src/hotspot/share/prims/jni.cpp, line 516]
Event: 627.396 Thread 0x00007fd41214a800 Exception <a 'sun/nio/fs/UnixException'{0x00000007eaf4b0f0}> (0x00000007eaf4b0f0) 
thrown [src/hotspot/share/prims/jni.cpp, line 516]
Event: 627.940 Thread 0x00007fd41214a800 Exception <a 'sun/nio/fs/UnixException'{0x00000007eadc9680}> (0x00000007eadc9680) 
thrown [src/hotspot/share/prims/jni.cpp, line 516]
Event: 633.586 Thread 0x00007fd41214a800 Exception <a 'sun/nio/fs/UnixException'{0x00000007eab92ed8}> (0x00000007eab92ed8) 
thrown [src/hotspot/share/prims/jni.cpp, line 516]
Event: 633.703 Thread 0x00007fd41214a800 Exception <a 'sun/nio/fs/UnixException'{0x00000007eb0573b0}> (0x00000007eb0573b0) 
thrown [src/hotspot/share/prims/jni.cpp, line 516]
Event: 641.844 Thread 0x00007fd41214a800 Exception <a 'sun/nio/fs/UnixException'{0x00000007eaffea00}> (0x00000007eaffea00) 
thrown [src/hotspot/share/prims/jni.cpp, line 516]
Event: 642.424 Thread 0x00007fd41214a800 Exception <a 'sun/nio/fs/UnixException'{0x00000007eb031810}> (0x00000007eb031810) 
thrown [src/hotspot/share/prims/jni.cpp, line 516]
Event: 642.524 Thread 0x00007fd41214a800 Exception <a 'sun/nio/fs/UnixException'{0x00000007eacfb440}> (0x00000007eacfb440) 
thrown [src/hotspot/share/prims/jni.cpp, line 516]
Event: 643.089 Thread 0x00007fd41214a800 Exception <a 'sun/nio/fs/UnixException'{0x00000007eafa0680}> (0x00000007eafa0680) 
thrown [src/hotspot/share/prims/jni.cpp, line 516]
Event: 644.715 Thread 0x00007fd41214a800 Exception <a 'sun/nio/fs/UnixException'{0x00000007ead683f0}> (0x00000007ead683f0) 
thrown [src/hotspot/share/prims/jni.cpp, line 516]
Event: 645.101 Thread 0x00007fd41214a800 Exception <a 'sun/nio/fs/UnixException'{0x00000007eae01e78}> (0x00000007eae01e78) 
thrown [src/hotspot/share/prims/jni.cpp, line 516]

VM Operations (20 events):
Event: 695.707 Executing VM operation: ParallelGCFailedAllocation done
Event: 695.746 Executing VM operation: ParallelGCFailedAllocation
Event: 695.749 Executing VM operation: ParallelGCFailedAllocation done
Event: 698.331 Executing VM operation: ParallelGCFailedAllocation
Event: 698.339 Executing VM operation: ParallelGCFailedAllocation done
Event: 699.591 Executing VM operation: ParallelGCFailedAllocation
Event: 699.605 Executing VM operation: ParallelGCFailedAllocation done
Event: 699.656 Executing VM operation: ParallelGCFailedAllocation
Event: 699.672 Executing VM operation: ParallelGCFailedAllocation done
Event: 700.002 Executing VM operation: ParallelGCFailedAllocation
Event: 700.029 Executing VM operation: ParallelGCFailedAllocation done
Event: 700.192 Executing VM operation: ParallelGCFailedAllocation
Event: 700.205 Executing VM operation: ParallelGCFailedAllocation done
Event: 700.376 Executing VM operation: ParallelGCFailedAllocation
Event: 700.391 Executing VM operation: ParallelGCFailedAllocation done
Event: 700.453 Executing VM operation: ParallelGCFailedAllocation
Event: 702.821 Executing VM operation: ParallelGCFailedAllocation done
Event: 702.852 Executing VM operation: ParallelGCFailedAllocation
Event: 703.497 Executing VM operation: ParallelGCFailedAllocation done
Event: 703.516 Executing VM operation: ParallelGCFailedAllocation

Memory protections (20 events):
Event: 165.218 Protecting memory [0x000070000be64000,0x000070000be68000] with protection modes 3
Event: 165.869 Protecting memory [0x000070000bb5b000,0x000070000bb5f000] with protection modes 3
Event: 165.869 Protecting memory [0x000070000bd61000,0x000070000bd65000] with protection modes 3
Event: 166.519 Protecting memory [0x000070000b446000,0x000070000b44a000] with protection modes 3
Event: 177.048 Protecting memory [0x000070000c985000,0x000070000c989000] with protection modes 3
Event: 177.050 Protecting memory [0x000070000ca88000,0x000070000ca8c000] with protection modes 3
Event: 177.050 Protecting memory [0x000070000cb8b000,0x000070000cb8f000] with protection modes 3
Event: 178.163 Protecting memory [0x000070000bc5e000,0x000070000bc62000] with protection modes 3
Event: 178.163 Protecting memory [0x000070000af37000,0x000070000af3b000] with protection modes 3
Event: 183.483 Protecting memory [0x000070000ce94000,0x000070000ce98000] with protection modes 3
Event: 225.219 Protecting memory [0x000070000c16d000,0x000070000c171000] with protection modes 3
Event: 285.219 Protecting memory [0x000070000bf67000,0x000070000bf6b000] with protection modes 3
Event: 345.224 Protecting memory [0x000070000c06a000,0x000070000c06e000] with protection modes 3
Event: 389.114 Protecting memory [0x000070000af37000,0x000070000af3b000] with protection modes 0
Event: 402.170 Protecting memory [0x000070000c270000,0x000070000c274000] with protection modes 3
Event: 402.176 Protecting memory [0x000070000c373000,0x000070000c377000] with protection modes 3
Event: 404.848 Protecting memory [0x000070000c67c000,0x000070000c680000] with protection modes 3
Event: 404.848 Protecting memory [0x000070000c579000,0x000070000c57d000] with protection modes 3
Event: 522.847 Protecting memory [0x000070000b13d000,0x000070000b141000] with protection modes 0
Event: 524.550 Protecting memory [0x000070000b13d000,0x000070000b141000] with protection modes 3

Nmethod flushes (20 events):
Event: 413.389 Thread 0x00007fd41200ce00 flushing  nmethod 0x000000010b220490
Event: 413.389 Thread 0x00007fd41200ce00 flushing  nmethod 0x000000010b22a510
Event: 413.389 Thread 0x00007fd41200ce00 flushing  nmethod 0x000000010b230090
Event: 413.389 Thread 0x00007fd41200ce00 flushing  nmethod 0x000000010b233a90
Event: 413.389 Thread 0x00007fd41200ce00 flushing  nmethod 0x000000010b23e790
Event: 413.389 Thread 0x00007fd41200ce00 flushing  nmethod 0x000000010b254010
Event: 413.389 Thread 0x00007fd41200ce00 flushing  nmethod 0x000000010b267f10
Event: 413.390 Thread 0x00007fd41200ce00 flushing  nmethod 0x000000010b3ac310
Event: 413.390 Thread 0x00007fd41200ce00 flushing  nmethod 0x000000010b3f2d10
Event: 413.390 Thread 0x00007fd41200ce00 flushing  nmethod 0x000000010b453c90
Event: 413.390 Thread 0x00007fd41200ce00 flushing  nmethod 0x000000010b4b7610
Event: 413.391 Thread 0x00007fd41200ce00 flushing  nmethod 0x000000010b4dee90
Event: 413.391 Thread 0x00007fd41200ce00 flushing  nmethod 0x000000010b501d90
Event: 413.391 Thread 0x00007fd41200ce00 flushing  nmethod 0x000000010b51b290
Event: 413.393 Thread 0x00007fd41200ce00 flushing  nmethod 0x000000010b817210
Event: 413.393 Thread 0x00007fd41200ce00 flushing  nmethod 0x000000010b824e90
Event: 413.393 Thread 0x00007fd41200ce00 flushing  nmethod 0x000000010b832b10
Event: 413.393 Thread 0x00007fd41200ce00 flushing  nmethod 0x000000010b840790
Event: 671.270 Thread 0x00007fd41200ce00 flushing  nmethod 0x000000010a5dcd90
Event: 671.272 Thread 0x00007fd41200ce00 flushing  nmethod 0x000000010aa67f10

Events (20 events):
Event: 165.218 Thread 0x00007fd410d36000 Thread exited: 0x00007fd410d36000
Event: 165.869 Thread 0x00007fd410d32e00 Thread exited: 0x00007fd410d32e00
Event: 165.869 Thread 0x00007fd41218e600 Thread exited: 0x00007fd41218e600
Event: 166.519 Thread 0x00007fd412130c00 Thread exited: 0x00007fd412130c00
Event: 177.049 Thread 0x00007fd4117fcc00 Thread exited: 0x00007fd4117fcc00
Event: 177.050 Thread 0x00007fd41101f800 Thread exited: 0x00007fd41101f800
Event: 177.050 Thread 0x00007fd415978e00 Thread exited: 0x00007fd415978e00
Event: 178.163 Thread 0x00007fd411c70800 Thread exited: 0x00007fd411c70800
Event: 178.163 Thread 0x00007fd410a58600 Thread exited: 0x00007fd410a58600
Event: 183.483 Thread 0x00007fd410acc000 Thread exited: 0x00007fd410acc000
Event: 225.219 Thread 0x00007fd4111d1400 Thread exited: 0x00007fd4111d1400
Event: 285.219 Thread 0x00007fd41194ce00 Thread exited: 0x00007fd41194ce00
Event: 345.224 Thread 0x00007fd412562a00 Thread exited: 0x00007fd412562a00
Event: 389.114 Thread 0x00007fd411be6400 Thread added: 0x00007fd4127f6200
Event: 402.170 Thread 0x00007fd411c8da00 Thread exited: 0x00007fd411c8da00
Event: 402.176 Thread 0x00007fd411c8e000 Thread exited: 0x00007fd411c8e000
Event: 404.848 Thread 0x00007fd411546e00 Thread exited: 0x00007fd411546e00
Event: 404.848 Thread 0x00007fd4111cfc00 Thread exited: 0x00007fd4111cfc00
Event: 522.847 Thread 0x00007fd411814e00 Thread added: 0x00007fd411af2200
Event: 524.550 Thread 0x00007fd411af2200 Thread exited: 0x00007fd411af2200


Dynamic libraries:
0x0000000104930000 	/Users/Shoaib/.vscode/extensions/redhat.java-1.37.0-darwin-x64/jre/17.0.13-macosx-x86_64/lib/libjli.dylib
0x00007fff2f324000 	/System/Library/Frameworks/Cocoa.framework/Versions/A/Cocoa
0x00007fff3c939000 	/System/Library/Frameworks/Security.framework/Versions/A/Security
0x00007fff2e28a000 	/System/Library/Frameworks/ApplicationServices.framework/Versions/A/ApplicationServices
0x00007fff66291000 	/usr/lib/libSystem.B.dylib
0x00007fff30185000 	/System/Library/Frameworks/CoreFoundation.framework/Versions/A/CoreFoundation
0x00007fff3286a000 	/System/Library/Frameworks/Foundation.framework/Versions/C/Foundation
0x00007fff6818a000 	/usr/lib/libobjc.A.dylib
0x00007fff2d47c000 	/System/Library/Frameworks/AppKit.framework/Versions/C/AppKit
0x00007fff2fc56000 	/System/Library/Frameworks/CoreData.framework/Versions/A/CoreData
0x00007fff6063c000 	/System/Library/PrivateFrameworks/UIFoundation.framework/Versions/A/UIFoundation
0x00007fff5be52000 	/System/Library/PrivateFrameworks/RemoteViewServices.framework/Versions/A/RemoteViewServices
0x00007fff62e01000 	/System/Library/PrivateFrameworks/XCTTargetBootstrap.framework/Versions/A/XCTTargetBootstrap
0x00007fff30052000 	/System/Library/Frameworks/CoreDisplay.framework/Versions/A/CoreDisplay
0x00007fff35729000 	/System/Library/Frameworks/Metal.framework/Versions/A/Metal
0x00007fff49fea000 	/System/Library/PrivateFrameworks/DesktopServicesPriv.framework/Versions/A/DesktopServicesPriv
0x00007fff67465000 	/usr/lib/liblangid.dylib
0x00007fff4927f000 	/System/Library/PrivateFrameworks/CoreSVG.framework/Versions/A/CoreSVG
0x00007fff5e82c000 	/System/Library/PrivateFrameworks/SkyLight.framework/Versions/A/SkyLight
0x00007fff30607000 	/System/Library/Frameworks/CoreGraphics.framework/Versions/A/CoreGraphics
0x00007fff2bdeb000 	/System/Library/Frameworks/Accelerate.framework/Versions/A/Accelerate
0x00007fff6874e000 	/usr/lib/libxml2.2.dylib
0x00007fff54f76000 	/System/Library/PrivateFrameworks/IconServices.framework/Versions/A/IconServices
0x00007fff33049000 	/System/Library/Frameworks/IOSurface.framework/Versions/A/IOSurface
0x00007fff65dbb000 	/usr/lib/libDiagnosticMessagesClient.dylib
0x00007fff6885d000 	/usr/lib/libz.1.dylib
0x00007fff49e44000 	/System/Library/PrivateFrameworks/DFRFoundation.framework/Versions/A/DFRFoundation
0x00007fff671f4000 	/usr/lib/libicucore.A.dylib
0x00007fff2e5bc000 	/System/Library/Frameworks/AudioToolbox.framework/Versions/A/AudioToolbox
0x00007fff2e69f000 	/System/Library/Frameworks/AudioUnit.framework/Versions/A/AudioUnit
0x00007fff66529000 	/usr/lib/libauto.dylib
0x00007fff49ee6000 	/System/Library/PrivateFrameworks/DataDetectorsCore.framework/Versions/A/DataDetectorsCore
0x00007fff2ee45000 	/System/Library/Frameworks/Carbon.framework/Versions/A/Frameworks/HIToolbox.framework/Versions/A/HIToolbox
0x00007fff3bb32000 	/System/Library/Frameworks/QuartzCore.framework/Versions/A/QuartzCore
0x00007fff2f184000 	/System/Library/Frameworks/Carbon.framework/Versions/A/Frameworks/SpeechRecognition.framework/Versions/A/SpeechRecognition
0x00007fff49958000 	/System/Library/PrivateFrameworks/CoreUI.framework/Versions/A/CoreUI
0x00007fff2f713000 	/System/Library/Frameworks/CoreAudio.framework/Versions/A/CoreAudio
0x00007fff32528000 	/System/Library/Frameworks/DiskArbitration.framework/Versions/A/DiskArbitration
0x00007fff56e2b000 	/System/Library/PrivateFrameworks/MultitouchSupport.framework/Versions/A/MultitouchSupport
0x00007fff670b9000 	/usr/lib/libenergytrace.dylib
0x00007fff32fa3000 	/System/Library/Frameworks/IOKit.framework/Versions/A/IOKit
0x00007fff31592000 	/System/Library/Frameworks/CoreServices.framework/Versions/A/CoreServices
0x00007fff58fe5000 	/System/Library/PrivateFrameworks/PerformanceAnalysis.framework/Versions/A/PerformanceAnalysis
0x00007fff3ab65000 	/System/Library/Frameworks/OpenGL.framework/Versions/A/OpenGL
0x00007fff2f332000 	/System/Library/Frameworks/ColorSync.framework/Versions/A/ColorSync
0x00007fff30cad000 	/System/Library/Frameworks/CoreImage.framework/Versions/A/CoreImage
0x00007fff32006000 	/System/Library/Frameworks/CoreText.framework/Versions/A/CoreText
0x00007fff330d9000 	/System/Library/Frameworks/ImageIO.framework/Versions/A/ImageIO
0x00007fff6660d000 	/usr/lib/libc++.1.dylib
0x00007fff66689000 	/usr/lib/libcompression.dylib
0x00007fff660ff000 	/usr/lib/libMobileGestalt.dylib
0x00007fff603a6000 	/System/Library/PrivateFrameworks/TextureIO.framework/Versions/A/TextureIO
0x00007fff663f6000 	/usr/lib/libate.dylib
0x00007fff5517f000 	/System/Library/PrivateFrameworks/InternationalSupport.framework/Versions/A/InternationalSupport
0x00007fff6911e000 	/usr/lib/system/libcache.dylib
0x00007fff69124000 	/usr/lib/system/libcommonCrypto.dylib
0x00007fff69130000 	/usr/lib/system/libcompiler_rt.dylib
0x00007fff69138000 	/usr/lib/system/libcopyfile.dylib
0x00007fff69142000 	/usr/lib/system/libcorecrypto.dylib
0x00007fff692e1000 	/usr/lib/system/libdispatch.dylib
0x00007fff69322000 	/usr/lib/system/libdyld.dylib
0x00007fff69359000 	/usr/lib/system/libkeymgr.dylib
0x00007fff69367000 	/usr/lib/system/liblaunch.dylib
0x00007fff69368000 	/usr/lib/system/libmacho.dylib
0x00007fff6936e000 	/usr/lib/system/libquarantine.dylib
0x00007fff69371000 	/usr/lib/system/libremovefile.dylib
0x00007fff69373000 	/usr/lib/system/libsystem_asl.dylib
0x00007fff6938b000 	/usr/lib/system/libsystem_blocks.dylib
0x00007fff6938c000 	/usr/lib/system/libsystem_c.dylib
0x00007fff69414000 	/usr/lib/system/libsystem_configuration.dylib
0x00007fff69418000 	/usr/lib/system/libsystem_coreservices.dylib
0x00007fff6941c000 	/usr/lib/system/libsystem_darwin.dylib
0x00007fff69425000 	/usr/lib/system/libsystem_dnssd.dylib
0x00007fff6942d000 	/usr/lib/system/libsystem_featureflags.dylib
0x00007fff6942f000 	/usr/lib/system/libsystem_info.dylib
0x00007fff694aa000 	/usr/lib/system/libsystem_m.dylib
0x00007fff694f6000 	/usr/lib/system/libsystem_malloc.dylib
0x00007fff6951e000 	/usr/lib/system/libsystem_networkextension.dylib
0x00007fff6952c000 	/usr/lib/system/libsystem_notify.dylib
0x00007fff6954a000 	/usr/lib/system/libsystem_sandbox.dylib
0x00007fff6954f000 	/usr/lib/system/libsystem_secinit.dylib
0x00007fff6947d000 	/usr/lib/system/libsystem_kernel.dylib
0x00007fff69536000 	/usr/lib/system/libsystem_platform.dylib
0x00007fff6953f000 	/usr/lib/system/libsystem_pthread.dylib
0x00007fff69552000 	/usr/lib/system/libsystem_symptoms.dylib
0x00007fff6955a000 	/usr/lib/system/libsystem_trace.dylib
0x00007fff69572000 	/usr/lib/system/libunwind.dylib
0x00007fff69578000 	/usr/lib/system/libxpc.dylib
0x00007fff66660000 	/usr/lib/libc++abi.dylib
0x00007fff67467000 	/usr/lib/liblzma.5.dylib
0x00007fff670e2000 	/usr/lib/libfakelink.dylib
0x00007fff66383000 	/usr/lib/libarchive.2.dylib
0x00007fff3d9ec000 	/System/Library/Frameworks/SystemConfiguration.framework/Versions/A/SystemConfiguration
0x00007fff65cee000 	/usr/lib/libCRFSuite.dylib
0x00007fff2ea36000 	/System/Library/Frameworks/CFNetwork.framework/Versions/A/CFNetwork
0x00007fff665ef000 	/usr/lib/libbsm.0.dylib
0x00007fff6935a000 	/usr/lib/system/libkxld.dylib
0x00007fff437a6000 	/System/Library/PrivateFrameworks/AppleFSCompression.framework/Versions/A/AppleFSCompression
0x00007fff6697b000 	/usr/lib/libcoretls.dylib
0x00007fff66992000 	/usr/lib/libcoretls_cfhelpers.dylib
0x00007fff681cf000 	/usr/lib/libpam.2.dylib
0x00007fff68304000 	/usr/lib/libsqlite3.dylib
0x00007fff6873b000 	/usr/lib/libxar.1.dylib
0x00007fff66600000 	/usr/lib/libbz2.1.0.dylib
0x00007fff67103000 	/usr/lib/libiconv.2.dylib
0x00007fff66676000 	/usr/lib/libcharset.1.dylib
0x00007fff67c6d000 	/usr/lib/libnetwork.dylib
0x00007fff681d6000 	/usr/lib/libpcap.A.dylib
0x00007fff66338000 	/usr/lib/libapple_nghttp2.dylib
0x00007fff31949000 	/System/Library/Frameworks/CoreServices.framework/Versions/A/Frameworks/FSEvents.framework/Versions/A/FSEvents
0x00007fff31619000 	/System/Library/Frameworks/CoreServices.framework/Versions/A/Frameworks/CarbonCore.framework/Versions/A/CarbonCore
0x00007fff31b8e000 	/System/Library/Frameworks/CoreServices.framework/Versions/A/Frameworks/Metadata.framework/Versions/A/Metadata
0x00007fff31c27000 	/System/Library/Frameworks/CoreServices.framework/Versions/A/Frameworks/OSServices.framework/Versions/A/OSServices
0x00007fff31c55000 	/System/Library/Frameworks/CoreServices.framework/Versions/A/Frameworks/SearchKit.framework/Versions/A/SearchKit
0x00007fff31593000 	/System/Library/Frameworks/CoreServices.framework/Versions/A/Frameworks/AE.framework/Versions/A/AE
0x00007fff31952000 	/System/Library/Frameworks/CoreServices.framework/Versions/A/Frameworks/LaunchServices.framework/Versions/A/LaunchServices
0x00007fff318fb000 	/System/Library/Frameworks/CoreServices.framework/Versions/A/Frameworks/DictionaryServices.framework/Versions/A/DictionaryServices
0x00007fff31cbd000 	/System/Library/Frameworks/CoreServices.framework/Versions/A/Frameworks/SharedFileList.framework/Versions/A/SharedFileList
0x00007fff36984000 	/System/Library/Frameworks/NetFS.framework/Versions/A/NetFS
0x00007fff5735b000 	/System/Library/PrivateFrameworks/NetAuth.framework/Versions/A/NetAuth
0x00007fff631ce000 	/System/Library/PrivateFrameworks/login.framework/Versions/A/Frameworks/loginsupport.framework/Versions/A/loginsupport
0x00007fff5fe71000 	/System/Library/PrivateFrameworks/TCC.framework/Versions/A/TCC
0x00007fff483dc000 	/System/Library/PrivateFrameworks/CoreNLP.framework/Versions/A/CoreNLP
0x00007fff569e6000 	/System/Library/PrivateFrameworks/MetadataUtilities.framework/Versions/A/MetadataUtilities
0x00007fff6753f000 	/usr/lib/libmecabra.dylib
0x00007fff67497000 	/usr/lib/libmecab.dylib
0x00007fff670f3000 	/usr/lib/libgermantok.dylib
0x00007fff6631f000 	/usr/lib/libThaiTokenizer.dylib
0x00007fff65d25000 	/usr/lib/libChineseTokenizer.dylib
0x00007fff2be04000 	/System/Library/Frameworks/Accelerate.framework/Versions/A/Frameworks/vImage.framework/Versions/A/vImage
0x00007fff2d2d2000 	/System/Library/Frameworks/Accelerate.framework/Versions/A/Frameworks/vecLib.framework/Versions/A/vecLib
0x00007fff2d153000 	/System/Library/Frameworks/Accelerate.framework/Versions/A/Frameworks/vecLib.framework/Versions/A/libvMisc.dylib
0x00007fff2cfc0000 	/System/Library/Frameworks/Accelerate.framework/Versions/A/Frameworks/vecLib.framework/Versions/A/libvDSP.dylib
0x00007fff2c6a0000 	/System/Library/Frameworks/Accelerate.framework/Versions/A/Frameworks/vecLib.framework/Versions/A/libBLAS.dylib
0x00007fff2cb78000 	/System/Library/Frameworks/Accelerate.framework/Versions/A/Frameworks/vecLib.framework/Versions/A/libLAPACK.dylib
0x00007fff2cf20000 	/System/Library/Frameworks/Accelerate.framework/Versions/A/Frameworks/vecLib.framework/Versions/A/libLinearAlgebra.dylib
0x00007fff2cfad000 	/System/Library/Frameworks/Accelerate.framework/Versions/A/Frameworks/vecLib.framework/Versions/A/libSparseBLAS.dylib
0x00007fff2cf36000 	/System/Library/Frameworks/Accelerate.framework/Versions/A/Frameworks/vecLib.framework/Versions/A/libQuadrature.dylib
0x00007fff2c836000 	/System/Library/Frameworks/Accelerate.framework/Versions/A/Frameworks/vecLib.framework/Versions/A/libBNNS.dylib
0x00007fff2cf3c000 	/System/Library/Frameworks/Accelerate.framework/Versions/A/Frameworks/vecLib.framework/Versions/A/libSparse.dylib
0x00007fff5555a000 	/System/Library/PrivateFrameworks/LanguageModeling.framework/Versions/A/LanguageModeling
0x00007fff47d8b000 	/System/Library/PrivateFrameworks/CoreEmoji.framework/Versions/A/CoreEmoji
0x00007fff55678000 	/System/Library/PrivateFrameworks/LinguisticData.framework/Versions/A/LinguisticData
0x00007fff55629000 	/System/Library/PrivateFrameworks/Lexicon.framework/Versions/A/Lexicon
0x00007fff66677000 	/usr/lib/libcmph.dylib
0x00007fff39573000 	/System/Library/Frameworks/OpenDirectory.framework/Versions/A/Frameworks/CFOpenDirectory.framework/Versions/A/CFOpenDirectory
0x00007fff39590000 	/System/Library/Frameworks/OpenDirectory.framework/Versions/A/OpenDirectory
0x00007fff419d6000 	/System/Library/PrivateFrameworks/APFS.framework/Versions/A/APFS
0x00007fff3cc85000 	/System/Library/Frameworks/SecurityFoundation.framework/Versions/A/SecurityFoundation
0x00007fff68737000 	/usr/lib/libutil.dylib
0x00007fff492d7000 	/System/Library/PrivateFrameworks/CoreServicesStore.framework/Versions/A/CoreServicesStore
0x00007fff3cd3c000 	/System/Library/Frameworks/ServiceManagement.framework/Versions/A/ServiceManagement
0x00007fff44f78000 	/System/Library/PrivateFrameworks/BackgroundTaskManagement.framework/Versions/A/BackgroundTaskManagement
0x00007fff68834000 	/usr/lib/libxslt.1.dylib
0x00007fff43e1a000 	/System/Library/PrivateFrameworks/AppleSystemInfo.framework/Versions/A/AppleSystemInfo
0x00007fff332f8000 	/System/Library/Frameworks/ImageIO.framework/Versions/A/Resources/libJPEG.dylib
0x00007fff335b7000 	/System/Library/Frameworks/ImageIO.framework/Versions/A/Resources/libTIFF.dylib
0x00007fff3359a000 	/System/Library/Frameworks/ImageIO.framework/Versions/A/Resources/libPng.dylib
0x00007fff3323a000 	/System/Library/Frameworks/ImageIO.framework/Versions/A/Resources/libGIF.dylib
0x00007fff3323e000 	/System/Library/Frameworks/ImageIO.framework/Versions/A/Resources/libJP2.dylib
0x00007fff335b5000 	/System/Library/Frameworks/ImageIO.framework/Versions/A/Resources/libRadiance.dylib
0x00007fff670ba000 	/usr/lib/libexpat.1.dylib
0x00007fff43901000 	/System/Library/PrivateFrameworks/AppleJPEG.framework/Versions/A/AppleJPEG
0x00007fff4c5d6000 	/System/Library/PrivateFrameworks/FontServices.framework/libFontParser.dylib
0x00007fff62320000 	/System/Library/PrivateFrameworks/WatchdogClient.framework/Versions/A/WatchdogClient
0x00007fff54bc2000 	/System/Library/PrivateFrameworks/IOAccelerator.framework/Versions/A/IOAccelerator
0x00007fff35ac4000 	/System/Library/Frameworks/MetalPerformanceShaders.framework/Versions/A/MetalPerformanceShaders
0x00007fff51352000 	/System/Library/PrivateFrameworks/GPUWrangler.framework/Versions/A/GPUWrangler
0x00007fff54bd7000 	/System/Library/PrivateFrameworks/IOPresentment.framework/Versions/A/IOPresentment
0x00007fff49e57000 	/System/Library/PrivateFrameworks/DSExternalDisplay.framework/Versions/A/DSExternalDisplay
0x00007fff39f04000 	/System/Library/Frameworks/OpenGL.framework/Versions/A/Libraries/libCoreFSCache.dylib
0x00007fff35810000 	/System/Library/Frameworks/MetalPerformanceShaders.framework/Frameworks/MPSCore.framework/Versions/A/MPSCore
0x00007fff3584e000 	/System/Library/Frameworks/MetalPerformanceShaders.framework/Frameworks/MPSImage.framework/Versions/A/MPSImage
0x00007fff35915000 	/System/Library/Frameworks/MetalPerformanceShaders.framework/Frameworks/MPSNeuralNetwork.framework/Versions/A/MPSNeuralNetwork
0x00007fff358d9000 	/System/Library/Frameworks/MetalPerformanceShaders.framework/Frameworks/MPSMatrix.framework/Versions/A/MPSMatrix
0x00007fff35a74000 	/System/Library/Frameworks/MetalPerformanceShaders.framework/Frameworks/MPSRayIntersector.framework/Versions/A/MPSRayIntersector
0x00007fff358ff000 	/System/Library/Frameworks/MetalPerformanceShaders.framework/Frameworks/MPSNDArray.framework/Versions/A/MPSNDArray
0x00007fff56a33000 	/System/Library/PrivateFrameworks/MetalTools.framework/Versions/A/MetalTools
0x00007fff42bb0000 	/System/Library/PrivateFrameworks/AggregateDictionary.framework/Versions/A/AggregateDictionary
0x00007fff477d2000 	/System/Library/PrivateFrameworks/CoreAnalytics.framework/Versions/A/CoreAnalytics
0x00007fff43d38000 	/System/Library/PrivateFrameworks/AppleSauce.framework/Versions/A/AppleSauce
0x00007fff65fe1000 	/usr/lib/libIOReport.dylib
0x00007fff321bf000 	/System/Library/Frameworks/CoreVideo.framework/Versions/A/CoreVideo
0x00007fff527cb000 	/System/Library/PrivateFrameworks/GraphVisualizer.framework/Versions/A/GraphVisualizer
0x00007fff4bb1c000 	/System/Library/PrivateFrameworks/FaceCore.framework/Versions/A/FaceCore
0x00007fff3951a000 	/System/Library/Frameworks/OpenCL.framework/Versions/A/OpenCL
0x00007fff65e03000 	/usr/lib/libFosl_dynamic.dylib
0x00007fff57d7d000 	/System/Library/PrivateFrameworks/OTSVG.framework/Versions/A/OTSVG
0x00007fff2e38f000 	/System/Library/Frameworks/ApplicationServices.framework/Versions/A/Frameworks/ATS.framework/Versions/A/Resources/libFontRegistry.dylib
0x00007fff4c7a6000 	/System/Library/PrivateFrameworks/FontServices.framework/libhvf.dylib
0x00007fff39f0f000 	/System/Library/Frameworks/OpenGL.framework/Versions/A/Libraries/libGFXShared.dylib
0x00007fff3a0ed000 	/System/Library/Frameworks/OpenGL.framework/Versions/A/Libraries/libGLU.dylib
0x00007fff39f18000 	/System/Library/Frameworks/OpenGL.framework/Versions/A/Libraries/libGL.dylib
0x00007fff39f23000 	/System/Library/Frameworks/OpenGL.framework/Versions/A/Libraries/libGLImage.dylib
0x00007fff39f01000 	/System/Library/Frameworks/OpenGL.framework/Versions/A/Libraries/libCVMSPluginSupport.dylib
0x00007fff39f0a000 	/System/Library/Frameworks/OpenGL.framework/Versions/A/Libraries/libCoreVMClient.dylib
0x00007fff67b0e000 	/usr/lib/libncurses.5.4.dylib
0x00007fff2e28b000 	/System/Library/Frameworks/ApplicationServices.framework/Versions/A/Frameworks/ATS.framework/Versions/A/ATS
0x00007fff2e458000 	/System/Library/Frameworks/ApplicationServices.framework/Versions/A/Frameworks/ColorSyncLegacy.framework/Versions/A/ColorSyncLegacy
0x00007fff2e4f6000 	/System/Library/Frameworks/ApplicationServices.framework/Versions/A/Frameworks/HIServices.framework/Versions/A/HIServices
0x00007fff2e54e000 	/System/Library/Frameworks/ApplicationServices.framework/Versions/A/Frameworks/LangAnalysis.framework/Versions/A/LangAnalysis
0x00007fff2e55d000 	/System/Library/Frameworks/ApplicationServices.framework/Versions/A/Frameworks/PrintCore.framework/Versions/A/PrintCore
0x00007fff2e5a3000 	/System/Library/Frameworks/ApplicationServices.framework/Versions/A/Frameworks/QD.framework/Versions/A/QD
0x00007fff2e5ae000 	/System/Library/Frameworks/ApplicationServices.framework/Versions/A/Frameworks/SpeechSynthesis.framework/Versions/A/SpeechSynthesis
0x00007fff2e428000 	/System/Library/Frameworks/ApplicationServices.framework/Versions/A/Frameworks/ATSUI.framework/Versions/A/ATSUI
0x00007fff66f50000 	/usr/lib/libcups.2.dylib
0x00007fff34b5f000 	/System/Library/Frameworks/Kerberos.framework/Versions/A/Kerberos
0x00007fff32c9c000 	/System/Library/Frameworks/GSS.framework/Versions/A/GSS
0x00007fff68290000 	/usr/lib/libresolv.9.dylib
0x00007fff52978000 	/System/Library/PrivateFrameworks/Heimdal.framework/Versions/A/Heimdal
0x00007fff34b72000 	/System/Library/Frameworks/Kerberos.framework/Versions/A/Libraries/libHeimdalProxy.dylib
0x00007fff670f9000 	/usr/lib/libheimdal-asn1.dylib
0x00007fff46c6a000 	/System/Library/PrivateFrameworks/CommonAuth.framework/Versions/A/CommonAuth
0x00007fff43eb7000 	/System/Library/PrivateFrameworks/AssertionServices.framework/Versions/A/AssertionServices
0x00007fff44a5a000 	/System/Library/PrivateFrameworks/AudioToolboxCore.framework/Versions/A/AudioToolboxCore
0x00007fff62e7e000 	/System/Library/PrivateFrameworks/caulk.framework/Versions/A/caulk
0x00007fff45024000 	/System/Library/PrivateFrameworks/BaseBoard.framework/Versions/A/BaseBoard
0x00007fff5bfe0000 	/System/Library/PrivateFrameworks/RunningBoardServices.framework/Versions/A/RunningBoardServices
0x00007fff58ff1000 	/System/Library/PrivateFrameworks/PersistentConnection.framework/Versions/A/PersistentConnection
0x00007fff5b9d9000 	/System/Library/PrivateFrameworks/ProtocolBuffer.framework/Versions/A/ProtocolBuffer
0x00007fff46c8e000 	/System/Library/PrivateFrameworks/CommonUtilities.framework/Versions/A/CommonUtilities
0x00007fff451b2000 	/System/Library/PrivateFrameworks/Bom.framework/Versions/A/Bom
0x00007fff65cb4000 	/usr/lib/libAudioToolboxUtility.dylib
0x00007fff44f82000 	/System/Library/PrivateFrameworks/Backup.framework/Versions/A/Backup
0x00007fff49d78000 	/System/Library/PrivateFrameworks/CrashReporterSupport.framework/Versions/A/CrashReporterSupport
0x00007fff5d2f0000 	/System/Library/PrivateFrameworks/Sharing.framework/Versions/A/Sharing
0x00007fff434c4000 	/System/Library/PrivateFrameworks/Apple80211.framework/Versions/A/Apple80211
0x00007fff44c9f000 	/System/Library/PrivateFrameworks/AuthKit.framework/Versions/A/AuthKit
0x00007fff49a85000 	/System/Library/PrivateFrameworks/CoreUtils.framework/Versions/A/CoreUtils
0x00007fff32204000 	/System/Library/Frameworks/CoreWLAN.framework/Versions/A/CoreWLAN
0x00007fff32e29000 	/System/Library/Frameworks/IOBluetooth.framework/Versions/A/IOBluetooth
0x00007fff56baa000 	/System/Library/PrivateFrameworks/MobileKeyBag.framework/Versions/A/MobileKeyBag
0x00007fff48874000 	/System/Library/PrivateFrameworks/CorePhoneNumbers.framework/Versions/A/CorePhoneNumbers
0x00007fff438b4000 	/System/Library/PrivateFrameworks/AppleIDAuthSupport.framework/Versions/A/AppleIDAuthSupport
0x00007fff36991000 	/System/Library/Frameworks/Network.framework/Versions/A/Network
0x00007fff55406000 	/System/Library/PrivateFrameworks/KeychainCircle.framework/Versions/A/KeychainCircle
0x00007fff2fc1d000 	/System/Library/Frameworks/CoreBluetooth.framework/Versions/A/CoreBluetooth
0x00007fff5f36f000 	/System/Library/PrivateFrameworks/SpeechRecognitionCore.framework/Versions/A/SpeechRecognitionCore
0x0000000105200000 	/Users/Shoaib/.vscode/extensions/redhat.java-1.37.0-darwin-x64/jre/17.0.13-macosx-x86_64/lib/server/libjvm.dylib
0x0000000104964000 	/Users/Shoaib/.vscode/extensions/redhat.java-1.37.0-darwin-x64/jre/17.0.13-macosx-x86_64/lib/libjimage.dylib
0x0000000104976000 	/Users/Shoaib/.vscode/extensions/redhat.java-1.37.0-darwin-x64/jre/17.0.13-macosx-x86_64/lib/libinstrument.dylib
0x000000010498a000 	/Users/Shoaib/.vscode/extensions/redhat.java-1.37.0-darwin-x64/jre/17.0.13-macosx-x86_64/lib/libjava.dylib
0x0000000109683000 	/Users/Shoaib/.vscode/extensions/redhat.java-1.37.0-darwin-x64/jre/17.0.13-macosx-x86_64/lib/libzip.dylib
0x00000001096b6000 	/Users/Shoaib/.vscode/extensions/redhat.java-1.37.0-darwin-x64/jre/17.0.13-macosx-x86_64/lib/libnio.dylib
0x00000001096d2000 	/Users/Shoaib/.vscode/extensions/redhat.java-1.37.0-darwin-x64/jre/17.0.13-macosx-x86_64/lib/libnet.dylib
0x00000001096f2000 	/Users/Shoaib/.vscode/extensions/redhat.java-1.37.0-darwin-x64/jre/17.0.13-macosx-x86_64/lib/libverify.dylib
0x000000010970a000 	/Users/Shoaib/.vscode/extensions/redhat.java-1.37.0-darwin-x64/jre/17.0.13-macosx-x86_64/lib/libextnet.dylib
0x000000010971a000 	/Users/Shoaib/.gradle/native/c067742578af261105cb4f569cf0c3c89f3d7b1fecec35dd04571415982c5e48/osx-amd64/libnative-platform.dylib
0x0000000109726000 	/Users/Shoaib/.vscode/extensions/redhat.java-1.37.0-darwin-x64/jre/17.0.13-macosx-x86_64/lib/libmanagement.dylib
0x0000000109736000 	/Users/Shoaib/.vscode/extensions/redhat.java-1.37.0-darwin-x64/jre/17.0.13-macosx-x86_64/lib/libmanagement_ext.dylib
0x00007fff55ed4000 	/System/Library/PrivateFrameworks/MallocStackLogging.framework/Versions/A/MallocStackLogging


VM Arguments:
jvm_args: --add-modules=ALL-SYSTEM --add-opens=java.base/java.util=ALL-UNNAMED --add-opens=java.base/java.lang=ALL-UNNAMED --add-opens=java.base/sun.nio.fs=ALL-UNNAMED -Declipse.application=org.eclipse.jdt.ls.core.id1 -Dosgi.bundles.defaultStartLevel=4 -Declipse.product=org.eclipse.jdt.ls.core.product -Djava.import.generatesMetadataFilesAtProjectRoot=false -DDetectVMInstallationsJob.disabled=true -Dfile.encoding=utf8 -XX:+UseParallelGC -XX:GCTimeRatio=4 -XX:AdaptiveSizePolicyWeight=90 -Dsun.zip.disableMemoryMapping=true -Xmx1G -Xms100m -Xlog:disable -javaagent:/Users/Shoaib/.vscode/extensions/redhat.java-1.37.0-darwin-x64/lombok/lombok-1.18.34.jar -XX:+HeapDumpOnOutOfMemoryError -XX:HeapDumpPath=/Users/Shoaib/Library/Application Support/Code/User/workspaceStorage/52ec6ec73ae56e9297906af71a923202/redhat.java -Daether.dependencyCollector.impl=bf 
java_command: /Users/Shoaib/.vscode/extensions/redhat.java-1.37.0-darwin-x64/server/plugins/org.eclipse.equinox.launcher_1.6.900.v20240613-2009.jar -configuration /Users/Shoaib/Library/Application Support/Code/User/globalStorage/redhat.java/1.37.0/config_mac -data /Users/Shoaib/Library/Application Support/Code/User/workspaceStorage/52ec6ec73ae56e9297906af71a923202/redhat.java/jdt_ws --pipe=/private/var/folders/zz/nxzr35r14118k1djxvv4jksw0000gn/T/lsp-140a2a5ed96c3b77ea64c6dd66db71cb.sock
java_class_path (initial): /Users/Shoaib/.vscode/extensions/redhat.java-1.37.0-darwin-x64/server/plugins/org.eclipse.equinox.launcher_1.6.900.v20240613-2009.jar
Launcher Type: SUN_STANDARD

[Global flags]
    uintx AdaptiveSizePolicyWeight                 = 90                                        {product} {command line}
     intx CICompilerCount                          = 3                                         {product} {ergonomic}
    uintx GCTimeRatio                              = 4                                         {product} {command line}
     bool HeapDumpOnOutOfMemoryError               = true                                   {manageable} {command line}
    ccstr HeapDumpPath                             = /Users/Shoaib/Library/Application Support/Code/User/workspaceStorage/52ec6ec73ae56e9297906af71a923202/redhat.java         {manageable} {command line}
   size_t InitialHeapSize                          = 104857600                                 {product} {command line}
   size_t MaxHeapSize                              = 1073741824                                {product} {command line}
   size_t MaxNewSize                               = 357564416                                 {product} {ergonomic}
   size_t MinHeapDeltaBytes                        = 524288                                    {product} {ergonomic}
   size_t MinHeapSize                              = 104857600                                 {product} {command line}
   size_t NewSize                                  = 34603008                                  {product} {ergonomic}
    uintx NonNMethodCodeHeapSize                   = 5832780                                {pd product} {ergonomic}
    uintx NonProfiledCodeHeapSize                  = 122912730                              {pd product} {ergonomic}
   size_t OldSize                                  = 70254592                                  {product} {ergonomic}
    uintx ProfiledCodeHeapSize                     = 122912730                              {pd product} {ergonomic}
    uintx ReservedCodeCacheSize                    = 251658240                              {pd product} {ergonomic}
     bool SegmentedCodeCache                       = true                                      {product} {ergonomic}
   size_t SoftMaxHeapSize                          = 1073741824                             {manageable} {ergonomic}
     bool UseCompressedClassPointers               = true                           {product lp64_product} {ergonomic}
     bool UseCompressedOops                        = true                           {product lp64_product} {ergonomic}
     bool UseNUMA                                  = false                                     {product} {ergonomic}
     bool UseNUMAInterleaving                      = false                                     {product} {ergonomic}
     bool UseParallelGC                            = true                                      {product} {command line}

Logging:
Log output configuration:
 #0: stdout all=off uptime,level,tags
 #1: stderr all=off uptime,level,tags

Environment Variables:
JAVA_HOME=/Library/Java/JavaVirtualMachines/zulu-17.jdk/Contents/Home
PATH=/Users/Shoaib/.npm-global/bin:/usr/local/opt/mongodb-community/bin:/opt/local/bin:/opt/local/sbin:/Library/Frameworks/Python.framework/Versions/3.11/bin:/Library/Frameworks/Python.framework/Versions/3.12/bin:/usr/local/bin:/usr/bin:/bin:/usr/sbin:/sbin:/Users/Shoaib/Library/Android/sdk/emulator:/Users/Shoaib/Library/Android/sdk/platform-tools:/Users/Shoaib/Library/Android/sdk/emulator:/Users/Shoaib/Library/Android/sdk/platform-tools
SHELL=/bin/zsh
TMPDIR=/var/folders/zz/nxzr35r14118k1djxvv4jksw0000gn/T/

Active Locale:
LC_ALL=C
LC_COLLATE=C
LC_CTYPE=C
LC_MESSAGES=C
LC_MONETARY=C
LC_NUMERIC=C
LC_TIME=C

Signal Handlers:
   SIGSEGV: _ZL13crash_handleriP9__siginfoPv in libjvm.dylib, mask=11100110000111110111111111111111, flags=SA_RESTART|SA_SIGINFO, unblocked
    SIGBUS: _ZL13crash_handleriP9__siginfoPv in libjvm.dylib, mask=11100110000111110111111111111111, flags=SA_RESTART|SA_SIGINFO, unblocked
    SIGFPE: _ZL13crash_handleriP9__siginfoPv in libjvm.dylib, mask=11100110000111110111111111111111, flags=SA_RESTART|SA_SIGINFO, unblocked
   SIGPIPE: _ZL17javaSignalHandleriP9__siginfoPv in libjvm.dylib, mask=11100110000111110111111111111111, flags=SA_RESTART|SA_SIGINFO, blocked
   SIGXFSZ: _ZL17javaSignalHandleriP9__siginfoPv in libjvm.dylib, mask=11100110000111110111111111111111, flags=SA_RESTART|SA_SIGINFO, blocked
    SIGILL: _ZL13crash_handleriP9__siginfoPv in libjvm.dylib, mask=11100110000111110111111111111111, flags=SA_RESTART|SA_SIGINFO, unblocked
   SIGUSR2: _ZL10SR_handleriP9__siginfoP17__darwin_ucontext in libjvm.dylib, mask=00000000000000000000000000000000, flags=SA_RESTART|SA_SIGINFO, blocked
    SIGHUP: _ZL11UserHandleriPvS_ in libjvm.dylib, mask=11100110000111110111111111111111, flags=SA_RESTART|SA_SIGINFO, blocked
    SIGINT: _ZL11UserHandleriPvS_ in libjvm.dylib, mask=11100110000111110111111111111111, flags=SA_RESTART|SA_SIGINFO, blocked
   SIGTERM: _ZL11UserHandleriPvS_ in libjvm.dylib, mask=11100110000111110111111111111111, flags=SA_RESTART|SA_SIGINFO, blocked
   SIGQUIT: _ZL11UserHandleriPvS_ in libjvm.dylib, mask=11100110000111110111111111111111, flags=SA_RESTART|SA_SIGINFO, blocked
   SIGTRAP: _ZL13crash_handleriP9__siginfoPv in libjvm.dylib, mask=11100110000111110111111111111111, flags=SA_RESTART|SA_SIGINFO, unblocked


Periodic native trim disabled


---------------  S Y S T E M  ---------------

OS:
uname: Darwin 19.6.0 Darwin Kernel Version 19.6.0: Tue Jun 21 21:18:39 PDT 2022; root:xnu-6153.141.66~1/RELEASE_X86_64 x86_64
OS uptime: 0 days 1:19 hours
rlimit (soft/hard): STACK 8192k/65532k , CORE 0k/infinity , NPROC 1392/2088 , NOFILE 10240/infinity , AS infinity/infinity , CPU infinity/infinity , DATA infinity/infinity , FSIZE infinity/infinity , MEMLOCK infinity/infinity , RSS infinity/infinity
load average: 15.15 18.69 14.06

CPU: total 4 (initial active 4) (2 cores per cpu, 2 threads per core) family 6 model 58 stepping 9 microcode 0x21, cx8, cmov, fxsr, ht, mmx, sse, sse2, sse3, ssse3, sse4.1, sse4.2, popcnt, tsc, tscinvbit, avx, aes, erms, clmul, vzeroupper, clflush
machdep.cpu.brand_string:Intel(R) Core(TM) i7-3520M CPU @ 2.90GHz
hw.cpufrequency:2900000000
hw.cpufrequency_min:2900000000
hw.cpufrequency_max:2900000000
hw.cachelinesize:64
hw.l1icachesize:32768
hw.l1dcachesize:32768
hw.l2cachesize:262144
hw.l3cachesize:4194304

Memory: 4k page, physical 8388608k(58800k free), swap 2097152k(660224k free)

vm_info: OpenJDK 64-Bit Server VM (17.0.13+11) for bsd-amd64 JRE (17.0.13+11), built on Oct 15 2024 00:00:00 by "admin" with clang Apple LLVM 15.0.0 (clang-1500.1.0.2.5)

END.
